log4j:WARN No such property [datePattern] in org.apache.log4j.ConsoleAppender.
log4j:WARN No such property [file] in org.apache.log4j.ConsoleAppender.
2022-12-26 08:44:12,047 [throttled-publisher-thread-0] INFO  (ThrottledPublisher.java:48) - publishAggregatedMarketData: MarketData(updateTime=2022-12-26T00:44:11.905222Z, symbol=A0, price=Price(bid=71.0, ask=138.0, last=70.0)) publishCounts={A0=1} currentSlidingWindowSize=1
2022-12-26 08:44:12,063 [throttled-publisher-thread-0] INFO  (ThrottledPublisher.java:48) - publishAggregatedMarketData: MarketData(updateTime=2022-12-26T00:44:11.857480Z, symbol=A1, price=Price(bid=86.0, ask=170.0, last=85.0)) publishCounts={A0=1, A1=1} currentSlidingWindowSize=2
2022-12-26 08:44:12,067 [throttled-publisher-thread-0] INFO  (ThrottledPublisher.java:48) - publishAggregatedMarketData: MarketData(updateTime=2022-12-26T00:44:11.892052Z, symbol=A2, price=Price(bid=492.0, ask=981.0, last=491.0)) publishCounts={A0=1, A1=1, A2=1} currentSlidingWindowSize=3
2022-12-26 08:44:12,067 [throttled-publisher-thread-0] INFO  (ThrottledPublisher.java:48) - publishAggregatedMarketData: MarketData(updateTime=2022-12-26T00:44:11.892052Z, symbol=A3, price=Price(bid=492.0, ask=981.0, last=491.0)) publishCounts={A0=1, A1=1, A2=1, A3=1} currentSlidingWindowSize=4
2022-12-26 08:44:12,068 [throttled-publisher-thread-0] INFO  (ThrottledPublisher.java:48) - publishAggregatedMarketData: MarketData(updateTime=2022-12-26T00:44:11.892053Z, symbol=A4, price=Price(bid=492.0, ask=981.0, last=491.0)) publishCounts={A0=1, A1=1, A2=1, A3=1, A4=1} currentSlidingWindowSize=5
2022-12-26 08:44:12,068 [throttled-publisher-thread-0] INFO  (ThrottledPublisher.java:48) - publishAggregatedMarketData: MarketData(updateTime=2022-12-26T00:44:11.892053Z, symbol=A5, price=Price(bid=492.0, ask=981.0, last=491.0)) publishCounts={A0=1, A1=1, A2=1, A3=1, A4=1, A5=1} currentSlidingWindowSize=6
2022-12-26 08:44:12,068 [throttled-publisher-thread-0] INFO  (ThrottledPublisher.java:48) - publishAggregatedMarketData: MarketData(updateTime=2022-12-26T00:44:11.892054Z, symbol=A6, price=Price(bid=492.0, ask=981.0, last=491.0)) publishCounts={A0=1, A1=1, A2=1, A3=1, A4=1, A5=1, A6=1} currentSlidingWindowSize=7
2022-12-26 08:44:12,069 [throttled-publisher-thread-0] INFO  (ThrottledPublisher.java:48) - publishAggregatedMarketData: MarketData(updateTime=2022-12-26T00:44:11.892055Z, symbol=A7, price=Price(bid=492.0, ask=981.0, last=491.0)) publishCounts={A0=1, A1=1, A2=1, A3=1, A4=1, A5=1, A6=1, A7=1} currentSlidingWindowSize=8
2022-12-26 08:44:12,069 [throttled-publisher-thread-0] INFO  (ThrottledPublisher.java:48) - publishAggregatedMarketData: MarketData(updateTime=2022-12-26T00:44:11.892055Z, symbol=A8, price=Price(bid=492.0, ask=981.0, last=491.0)) publishCounts={A0=1, A1=1, A2=1, A3=1, A4=1, A5=1, A6=1, A7=1, A8=1} currentSlidingWindowSize=9
2022-12-26 08:44:12,079 [throttled-publisher-thread-0] INFO  (ThrottledPublisher.java:48) - publishAggregatedMarketData: MarketData(updateTime=2022-12-26T00:44:11.892056Z, symbol=A9, price=Price(bid=492.0, ask=981.0, last=491.0)) publishCounts={A0=1, A1=1, A2=1, A3=1, A4=1, A5=1, A6=1, A7=1, A8=1, A9=1} currentSlidingWindowSize=10
2022-12-26 08:44:12,079 [throttled-publisher-thread-0] DEBUG (ThrottledPublisher.java:59) - No of symbols successfully published in this iteration=10
2022-12-26 08:44:12,935 [throttled-publisher-thread-0] INFO  (ThrottledPublisher.java:48) - publishAggregatedMarketData: MarketData(updateTime=2022-12-26T00:44:12.227099Z, symbol=A0, price=Price(bid=278.0, ask=544.0, last=277.0)) publishCounts={A0=2, A1=1, A2=1, A3=1, A4=1, A5=1, A6=1, A7=1, A8=1, A9=1} currentSlidingWindowSize=100
2022-12-26 08:44:12,936 [throttled-publisher-thread-0] DEBUG (ThrottledPublisher.java:59) - No of symbols successfully published in this iteration=1
2022-12-26 08:44:13,137 [throttled-publisher-thread-0] INFO  (ThrottledPublisher.java:48) - publishAggregatedMarketData: MarketData(updateTime=2022-12-26T00:44:12.202108Z, symbol=A2, price=Price(bid=417.0, ask=823.0, last=416.0)) publishCounts={A0=2, A1=1, A2=2, A3=1, A4=1, A5=1, A6=1, A7=1, A8=1, A9=1} currentSlidingWindowSize=91
2022-12-26 08:44:13,137 [throttled-publisher-thread-0] INFO  (ThrottledPublisher.java:48) - publishAggregatedMarketData: MarketData(updateTime=2022-12-26T00:44:12.226497Z, symbol=A3, price=Price(bid=36.0, ask=60.0, last=35.0)) publishCounts={A0=2, A1=1, A2=2, A3=2, A4=1, A5=1, A6=1, A7=1, A8=1, A9=1} currentSlidingWindowSize=92
2022-12-26 08:44:13,137 [throttled-publisher-thread-0] INFO  (ThrottledPublisher.java:48) - publishAggregatedMarketData: MarketData(updateTime=2022-12-26T00:44:12.227466Z, symbol=A4, price=Price(bid=426.0, ask=840.0, last=425.0)) publishCounts={A0=2, A1=1, A2=2, A3=2, A4=2, A5=1, A6=1, A7=1, A8=1, A9=1} currentSlidingWindowSize=93
2022-12-26 08:44:13,141 [throttled-publisher-thread-0] INFO  (ThrottledPublisher.java:48) - publishAggregatedMarketData: MarketData(updateTime=2022-12-26T00:44:12.285802Z, symbol=A5, price=Price(bid=473.0, ask=931.0, last=472.0)) publishCounts={A0=2, A1=1, A2=2, A3=2, A4=2, A5=2, A6=1, A7=1, A8=1, A9=1} currentSlidingWindowSize=94
2022-12-26 08:44:13,141 [throttled-publisher-thread-0] INFO  (ThrottledPublisher.java:48) - publishAggregatedMarketData: MarketData(updateTime=2022-12-26T00:44:12.285802Z, symbol=A6, price=Price(bid=473.0, ask=931.0, last=472.0)) publishCounts={A0=2, A1=1, A2=2, A3=2, A4=2, A5=2, A6=2, A7=1, A8=1, A9=1} currentSlidingWindowSize=95
2022-12-26 08:44:13,141 [throttled-publisher-thread-0] INFO  (ThrottledPublisher.java:48) - publishAggregatedMarketData: MarketData(updateTime=2022-12-26T00:44:12.285802Z, symbol=A7, price=Price(bid=473.0, ask=931.0, last=472.0)) publishCounts={A0=2, A1=1, A2=2, A3=2, A4=2, A5=2, A6=2, A7=2, A8=1, A9=1} currentSlidingWindowSize=96
2022-12-26 08:44:13,142 [throttled-publisher-thread-0] INFO  (ThrottledPublisher.java:48) - publishAggregatedMarketData: MarketData(updateTime=2022-12-26T00:44:12.285803Z, symbol=A8, price=Price(bid=473.0, ask=931.0, last=472.0)) publishCounts={A0=2, A1=1, A2=2, A3=2, A4=2, A5=2, A6=2, A7=2, A8=2, A9=1} currentSlidingWindowSize=97
2022-12-26 08:44:13,142 [throttled-publisher-thread-0] INFO  (ThrottledPublisher.java:48) - publishAggregatedMarketData: MarketData(updateTime=2022-12-26T00:44:12.285803Z, symbol=A9, price=Price(bid=473.0, ask=931.0, last=472.0)) publishCounts={A0=2, A1=1, A2=2, A3=2, A4=2, A5=2, A6=2, A7=2, A8=2, A9=2} currentSlidingWindowSize=98
2022-12-26 08:44:13,143 [throttled-publisher-thread-0] INFO  (ThrottledPublisher.java:48) - publishAggregatedMarketData: MarketData(updateTime=2022-12-26T00:44:12.285801Z, symbol=A1, price=Price(bid=473.0, ask=931.0, last=472.0)) publishCounts={A0=2, A1=2, A2=2, A3=2, A4=2, A5=2, A6=2, A7=2, A8=2, A9=2} currentSlidingWindowSize=99
2022-12-26 08:44:13,143 [throttled-publisher-thread-0] DEBUG (ThrottledPublisher.java:59) - No of symbols successfully published in this iteration=9
2022-12-26 08:44:14,034 [throttled-publisher-thread-0] INFO  (ThrottledPublisher.java:48) - publishAggregatedMarketData: MarketData(updateTime=2022-12-26T00:44:13.407239Z, symbol=A0, price=Price(bid=368.0, ask=692.0, last=367.0)) publishCounts={A0=3, A1=2, A2=2, A3=2, A4=2, A5=2, A6=2, A7=2, A8=2, A9=2} currentSlidingWindowSize=91
2022-12-26 08:44:14,034 [throttled-publisher-thread-0] DEBUG (ThrottledPublisher.java:59) - No of symbols successfully published in this iteration=1
2022-12-26 08:44:14,237 [throttled-publisher-thread-0] INFO  (ThrottledPublisher.java:48) - publishAggregatedMarketData: MarketData(updateTime=2022-12-26T00:44:14.268661Z, symbol=A2, price=Price(bid=1066.0, ask=2066.0, last=1065.0)) publishCounts={A0=3, A1=2, A2=3, A3=2, A4=2, A5=2, A6=2, A7=2, A8=2, A9=2} currentSlidingWindowSize=91
2022-12-26 08:44:14,237 [throttled-publisher-thread-0] INFO  (ThrottledPublisher.java:48) - publishAggregatedMarketData: MarketData(updateTime=2022-12-26T00:44:14.268661Z, symbol=A3, price=Price(bid=1066.0, ask=2066.0, last=1065.0)) publishCounts={A0=3, A1=2, A2=3, A3=3, A4=2, A5=2, A6=2, A7=2, A8=2, A9=2} currentSlidingWindowSize=92
2022-12-26 08:44:14,237 [throttled-publisher-thread-0] INFO  (ThrottledPublisher.java:48) - publishAggregatedMarketData: MarketData(updateTime=2022-12-26T00:44:14.268661Z, symbol=A1, price=Price(bid=1066.0, ask=2066.0, last=1065.0)) publishCounts={A0=3, A1=3, A2=3, A3=3, A4=2, A5=2, A6=2, A7=2, A8=2, A9=2} currentSlidingWindowSize=93
2022-12-26 08:44:14,237 [throttled-publisher-thread-0] INFO  (ThrottledPublisher.java:48) - publishAggregatedMarketData: MarketData(updateTime=2022-12-26T00:44:14.268661Z, symbol=A4, price=Price(bid=1066.0, ask=2066.0, last=1065.0)) publishCounts={A0=3, A1=3, A2=3, A3=3, A4=3, A5=2, A6=2, A7=2, A8=2, A9=2} currentSlidingWindowSize=94
2022-12-26 08:44:14,238 [throttled-publisher-thread-0] INFO  (ThrottledPublisher.java:48) - publishAggregatedMarketData: MarketData(updateTime=2022-12-26T00:44:14.268663Z, symbol=A5, price=Price(bid=1066.0, ask=2066.0, last=1065.0)) publishCounts={A0=3, A1=3, A2=3, A3=3, A4=3, A5=3, A6=2, A7=2, A8=2, A9=2} currentSlidingWindowSize=95
2022-12-26 08:44:14,238 [throttled-publisher-thread-0] INFO  (ThrottledPublisher.java:48) - publishAggregatedMarketData: MarketData(updateTime=2022-12-26T00:44:14.268663Z, symbol=A6, price=Price(bid=1066.0, ask=2066.0, last=1065.0)) publishCounts={A0=3, A1=3, A2=3, A3=3, A4=3, A5=3, A6=3, A7=2, A8=2, A9=2} currentSlidingWindowSize=96
2022-12-26 08:44:14,238 [throttled-publisher-thread-0] INFO  (ThrottledPublisher.java:48) - publishAggregatedMarketData: MarketData(updateTime=2022-12-26T00:44:14.268663Z, symbol=A7, price=Price(bid=1066.0, ask=2066.0, last=1065.0)) publishCounts={A0=3, A1=3, A2=3, A3=3, A4=3, A5=3, A6=3, A7=3, A8=2, A9=2} currentSlidingWindowSize=97
2022-12-26 08:44:14,239 [throttled-publisher-thread-0] INFO  (ThrottledPublisher.java:48) - publishAggregatedMarketData: MarketData(updateTime=2022-12-26T00:44:14.268663Z, symbol=A8, price=Price(bid=1066.0, ask=2066.0, last=1065.0)) publishCounts={A0=3, A1=3, A2=3, A3=3, A4=3, A5=3, A6=3, A7=3, A8=3, A9=2} currentSlidingWindowSize=98
2022-12-26 08:44:14,239 [throttled-publisher-thread-0] INFO  (ThrottledPublisher.java:48) - publishAggregatedMarketData: MarketData(updateTime=2022-12-26T00:44:14.268663Z, symbol=A9, price=Price(bid=1066.0, ask=2066.0, last=1065.0)) publishCounts={A0=3, A1=3, A2=3, A3=3, A4=3, A5=3, A6=3, A7=3, A8=3, A9=3} currentSlidingWindowSize=99
2022-12-26 08:44:14,239 [throttled-publisher-thread-0] DEBUG (ThrottledPublisher.java:59) - No of symbols successfully published in this iteration=9
2022-12-26 08:44:15,037 [throttled-publisher-thread-0] INFO  (ThrottledPublisher.java:48) - publishAggregatedMarketData: MarketData(updateTime=2022-12-26T00:44:14.431568Z, symbol=A0, price=Price(bid=391.0, ask=712.0, last=390.0)) publishCounts={A0=4, A1=3, A2=3, A3=3, A4=3, A5=3, A6=3, A7=3, A8=3, A9=3} currentSlidingWindowSize=91
2022-12-26 08:44:15,037 [throttled-publisher-thread-0] DEBUG (ThrottledPublisher.java:59) - No of symbols successfully published in this iteration=1
2022-12-26 08:44:15,432 [throttled-publisher-thread-0] INFO  (ThrottledPublisher.java:48) - publishAggregatedMarketData: MarketData(updateTime=2022-12-26T00:44:13.296443Z, symbol=A1, price=Price(bid=199.0, ask=357.0, last=198.0)) publishCounts={A0=4, A1=4, A2=3, A3=3, A4=3, A5=3, A6=3, A7=3, A8=3, A9=3} currentSlidingWindowSize=91
2022-12-26 08:44:15,432 [throttled-publisher-thread-0] INFO  (ThrottledPublisher.java:48) - publishAggregatedMarketData: MarketData(updateTime=2022-12-26T00:44:13.298002Z, symbol=A2, price=Price(bid=798.0, ask=1555.0, last=797.0)) publishCounts={A0=4, A1=4, A2=4, A3=3, A4=3, A5=3, A6=3, A7=3, A8=3, A9=3} currentSlidingWindowSize=92
2022-12-26 08:44:15,433 [throttled-publisher-thread-0] INFO  (ThrottledPublisher.java:48) - publishAggregatedMarketData: MarketData(updateTime=2022-12-26T00:44:13.327625Z, symbol=A3, price=Price(bid=434.0, ask=826.0, last=433.0)) publishCounts={A0=4, A1=4, A2=4, A3=4, A4=3, A5=3, A6=3, A7=3, A8=3, A9=3} currentSlidingWindowSize=93
2022-12-26 08:44:15,433 [throttled-publisher-thread-0] INFO  (ThrottledPublisher.java:48) - publishAggregatedMarketData: MarketData(updateTime=2022-12-26T00:44:13.328247Z, symbol=A4, price=Price(bid=917.0, ask=1792.0, last=916.0)) publishCounts={A0=4, A1=4, A2=4, A3=4, A4=4, A5=3, A6=3, A7=3, A8=3, A9=3} currentSlidingWindowSize=94
2022-12-26 08:44:15,434 [throttled-publisher-thread-0] INFO  (ThrottledPublisher.java:48) - publishAggregatedMarketData: MarketData(updateTime=2022-12-26T00:44:13.364429Z, symbol=A5, price=Price(bid=354.0, ask=665.0, last=353.0)) publishCounts={A0=4, A1=4, A2=4, A3=4, A4=4, A5=4, A6=3, A7=3, A8=3, A9=3} currentSlidingWindowSize=95
2022-12-26 08:44:15,434 [throttled-publisher-thread-0] INFO  (ThrottledPublisher.java:48) - publishAggregatedMarketData: MarketData(updateTime=2022-12-26T00:44:13.364902Z, symbol=A6, price=Price(bid=764.0, ask=1485.0, last=763.0)) publishCounts={A0=4, A1=4, A2=4, A3=4, A4=4, A5=4, A6=4, A7=3, A8=3, A9=3} currentSlidingWindowSize=96
2022-12-26 08:44:15,435 [throttled-publisher-thread-0] INFO  (ThrottledPublisher.java:48) - publishAggregatedMarketData: MarketData(updateTime=2022-12-26T00:44:13.407079Z, symbol=A7, price=Price(bid=261.0, ask=478.0, last=260.0)) publishCounts={A0=4, A1=4, A2=4, A3=4, A4=4, A5=4, A6=4, A7=4, A8=3, A9=3} currentSlidingWindowSize=97
2022-12-26 08:44:15,435 [throttled-publisher-thread-0] INFO  (ThrottledPublisher.java:48) - publishAggregatedMarketData: MarketData(updateTime=2022-12-26T00:44:13.407650Z, symbol=A8, price=Price(bid=643.0, ask=1242.0, last=642.0)) publishCounts={A0=4, A1=4, A2=4, A3=4, A4=4, A5=4, A6=4, A7=4, A8=4, A9=3} currentSlidingWindowSize=98
2022-12-26 08:44:15,435 [throttled-publisher-thread-0] INFO  (ThrottledPublisher.java:48) - publishAggregatedMarketData: MarketData(updateTime=2022-12-26T00:44:13.407969Z, symbol=A9, price=Price(bid=1016.0, ask=1988.0, last=1015.0)) publishCounts={A0=4, A1=4, A2=4, A3=4, A4=4, A5=4, A6=4, A7=4, A8=4, A9=4} currentSlidingWindowSize=99
2022-12-26 08:44:15,436 [throttled-publisher-thread-0] DEBUG (ThrottledPublisher.java:59) - No of symbols successfully published in this iteration=9
2022-12-26 08:44:16,037 [throttled-publisher-thread-0] INFO  (ThrottledPublisher.java:48) - publishAggregatedMarketData: MarketData(updateTime=2022-12-26T00:44:12.250626Z, symbol=A0, price=Price(bid=250.0, ask=487.0, last=249.0)) publishCounts={A0=5, A1=4, A2=4, A3=4, A4=4, A5=4, A6=4, A7=4, A8=4, A9=4} currentSlidingWindowSize=100
2022-12-26 08:44:16,037 [throttled-publisher-thread-0] DEBUG (ThrottledPublisher.java:59) - No of symbols successfully published in this iteration=1
2022-12-26 08:44:16,106 [market-data-processor-thread-0] INFO  (MarketDataThrottleApplication.java:36) - Giving the consumer some breathing space for 5 secs. Have published 100 ticks so far
2022-12-26 08:44:16,437 [throttled-publisher-thread-0] INFO  (ThrottledPublisher.java:48) - publishAggregatedMarketData: MarketData(updateTime=2022-12-26T00:44:16.125720Z, symbol=A1, price=Price(bid=1100.0, ask=2100.0, last=1099.0)) publishCounts={A0=5, A1=5, A2=4, A3=4, A4=4, A5=4, A6=4, A7=4, A8=4, A9=4} currentSlidingWindowSize=91
2022-12-26 08:44:16,438 [throttled-publisher-thread-0] INFO  (ThrottledPublisher.java:48) - publishAggregatedMarketData: MarketData(updateTime=2022-12-26T00:44:16.125721Z, symbol=A2, price=Price(bid=1100.0, ask=2100.0, last=1099.0)) publishCounts={A0=5, A1=5, A2=5, A3=4, A4=4, A5=4, A6=4, A7=4, A8=4, A9=4} currentSlidingWindowSize=92
2022-12-26 08:44:16,438 [throttled-publisher-thread-0] INFO  (ThrottledPublisher.java:48) - publishAggregatedMarketData: MarketData(updateTime=2022-12-26T00:44:16.125721Z, symbol=A3, price=Price(bid=1100.0, ask=2100.0, last=1099.0)) publishCounts={A0=5, A1=5, A2=5, A3=5, A4=4, A5=4, A6=4, A7=4, A8=4, A9=4} currentSlidingWindowSize=93
2022-12-26 08:44:16,438 [throttled-publisher-thread-0] INFO  (ThrottledPublisher.java:48) - publishAggregatedMarketData: MarketData(updateTime=2022-12-26T00:44:16.125721Z, symbol=A4, price=Price(bid=1100.0, ask=2100.0, last=1099.0)) publishCounts={A0=5, A1=5, A2=5, A3=5, A4=5, A5=4, A6=4, A7=4, A8=4, A9=4} currentSlidingWindowSize=94
2022-12-26 08:44:16,439 [throttled-publisher-thread-0] INFO  (ThrottledPublisher.java:48) - publishAggregatedMarketData: MarketData(updateTime=2022-12-26T00:44:16.125721Z, symbol=A5, price=Price(bid=1100.0, ask=2100.0, last=1099.0)) publishCounts={A0=5, A1=5, A2=5, A3=5, A4=5, A5=5, A6=4, A7=4, A8=4, A9=4} currentSlidingWindowSize=95
2022-12-26 08:44:16,439 [throttled-publisher-thread-0] INFO  (ThrottledPublisher.java:48) - publishAggregatedMarketData: MarketData(updateTime=2022-12-26T00:44:16.125721Z, symbol=A6, price=Price(bid=1100.0, ask=2100.0, last=1099.0)) publishCounts={A0=5, A1=5, A2=5, A3=5, A4=5, A5=5, A6=5, A7=4, A8=4, A9=4} currentSlidingWindowSize=96
2022-12-26 08:44:16,440 [throttled-publisher-thread-0] INFO  (ThrottledPublisher.java:48) - publishAggregatedMarketData: MarketData(updateTime=2022-12-26T00:44:16.125721Z, symbol=A7, price=Price(bid=1100.0, ask=2100.0, last=1099.0)) publishCounts={A0=5, A1=5, A2=5, A3=5, A4=5, A5=5, A6=5, A7=5, A8=4, A9=4} currentSlidingWindowSize=97
2022-12-26 08:44:16,440 [throttled-publisher-thread-0] INFO  (ThrottledPublisher.java:48) - publishAggregatedMarketData: MarketData(updateTime=2022-12-26T00:44:16.125721Z, symbol=A8, price=Price(bid=1100.0, ask=2100.0, last=1099.0)) publishCounts={A0=5, A1=5, A2=5, A3=5, A4=5, A5=5, A6=5, A7=5, A8=5, A9=4} currentSlidingWindowSize=98
2022-12-26 08:44:16,441 [throttled-publisher-thread-0] INFO  (ThrottledPublisher.java:48) - publishAggregatedMarketData: MarketData(updateTime=2022-12-26T00:44:16.125721Z, symbol=A9, price=Price(bid=1100.0, ask=2100.0, last=1099.0)) publishCounts={A0=5, A1=5, A2=5, A3=5, A4=5, A5=5, A6=5, A7=5, A8=5, A9=5} currentSlidingWindowSize=99
2022-12-26 08:44:16,441 [throttled-publisher-thread-0] DEBUG (ThrottledPublisher.java:59) - No of symbols successfully published in this iteration=9
2022-12-26 08:44:17,134 [throttled-publisher-thread-0] INFO  (ThrottledPublisher.java:48) - publishAggregatedMarketData: MarketData(updateTime=2022-12-26T00:44:16.125720Z, symbol=A0, price=Price(bid=1100.0, ask=2100.0, last=1099.0)) publishCounts={A0=6, A1=5, A2=5, A3=5, A4=5, A5=5, A6=5, A7=5, A8=5, A9=5} currentSlidingWindowSize=37
2022-12-26 08:44:17,134 [throttled-publisher-thread-0] DEBUG (ThrottledPublisher.java:59) - No of symbols successfully published in this iteration=1
2022-12-26 08:44:21,136 [throttled-publisher-thread-0] INFO  (ThrottledPublisher.java:48) - publishAggregatedMarketData: MarketData(updateTime=2022-12-26T00:44:13.737868Z, symbol=A0, price=Price(bid=452.0, ask=853.0, last=451.0)) publishCounts={A0=7, A1=5, A2=5, A3=5, A4=5, A5=5, A6=5, A7=5, A8=5, A9=5} currentSlidingWindowSize=1
2022-12-26 08:44:21,136 [throttled-publisher-thread-0] INFO  (ThrottledPublisher.java:48) - publishAggregatedMarketData: MarketData(updateTime=2022-12-26T00:44:13.738593Z, symbol=A1, price=Price(bid=856.0, ask=1661.0, last=855.0)) publishCounts={A0=7, A1=6, A2=5, A3=5, A4=5, A5=5, A6=5, A7=5, A8=5, A9=5} currentSlidingWindowSize=2
2022-12-26 08:44:21,136 [throttled-publisher-thread-0] INFO  (ThrottledPublisher.java:48) - publishAggregatedMarketData: MarketData(updateTime=2022-12-26T00:44:13.775019Z, symbol=A2, price=Price(bid=80.0, ask=108.0, last=79.0)) publishCounts={A0=7, A1=6, A2=6, A3=5, A4=5, A5=5, A6=5, A7=5, A8=5, A9=5} currentSlidingWindowSize=3
2022-12-26 08:44:21,136 [throttled-publisher-thread-0] INFO  (ThrottledPublisher.java:48) - publishAggregatedMarketData: MarketData(updateTime=2022-12-26T00:44:13.775395Z, symbol=A3, price=Price(bid=415.0, ask=778.0, last=414.0)) publishCounts={A0=7, A1=6, A2=6, A3=6, A4=5, A5=5, A6=5, A7=5, A8=5, A9=5} currentSlidingWindowSize=4
2022-12-26 08:44:21,137 [throttled-publisher-thread-0] INFO  (ThrottledPublisher.java:48) - publishAggregatedMarketData: MarketData(updateTime=2022-12-26T00:44:13.775763Z, symbol=A4, price=Price(bid=694.0, ask=1336.0, last=693.0)) publishCounts={A0=7, A1=6, A2=6, A3=6, A4=6, A5=5, A6=5, A7=5, A8=5, A9=5} currentSlidingWindowSize=5
2022-12-26 08:44:21,137 [throttled-publisher-thread-0] INFO  (ThrottledPublisher.java:48) - publishAggregatedMarketData: MarketData(updateTime=2022-12-26T00:44:13.776175Z, symbol=A5, price=Price(bid=949.0, ask=1846.0, last=948.0)) publishCounts={A0=7, A1=6, A2=6, A3=6, A4=6, A5=6, A6=5, A7=5, A8=5, A9=5} currentSlidingWindowSize=6
2022-12-26 08:44:21,137 [throttled-publisher-thread-0] INFO  (ThrottledPublisher.java:48) - publishAggregatedMarketData: MarketData(updateTime=2022-12-26T00:44:13.815831Z, symbol=A6, price=Price(bid=253.0, ask=453.0, last=252.0)) publishCounts={A0=7, A1=6, A2=6, A3=6, A4=6, A5=6, A6=6, A7=5, A8=5, A9=5} currentSlidingWindowSize=7
2022-12-26 08:44:21,137 [throttled-publisher-thread-0] INFO  (ThrottledPublisher.java:48) - publishAggregatedMarketData: MarketData(updateTime=2022-12-26T00:44:13.816323Z, symbol=A7, price=Price(bid=643.0, ask=1233.0, last=642.0)) publishCounts={A0=7, A1=6, A2=6, A3=6, A4=6, A5=6, A6=6, A7=6, A8=5, A9=5} currentSlidingWindowSize=8
2022-12-26 08:44:21,137 [throttled-publisher-thread-0] INFO  (ThrottledPublisher.java:48) - publishAggregatedMarketData: MarketData(updateTime=2022-12-26T00:44:13.816906Z, symbol=A8, price=Price(bid=1051.0, ask=2049.0, last=1050.0)) publishCounts={A0=7, A1=6, A2=6, A3=6, A4=6, A5=6, A6=6, A7=6, A8=6, A9=5} currentSlidingWindowSize=9
2022-12-26 08:44:21,138 [throttled-publisher-thread-0] INFO  (ThrottledPublisher.java:48) - publishAggregatedMarketData: MarketData(updateTime=2022-12-26T00:44:13.865766Z, symbol=A9, price=Price(bid=441.0, ask=828.0, last=440.0)) publishCounts={A0=7, A1=6, A2=6, A3=6, A4=6, A5=6, A6=6, A7=6, A8=6, A9=6} currentSlidingWindowSize=10
2022-12-26 08:44:21,138 [throttled-publisher-thread-0] DEBUG (ThrottledPublisher.java:59) - No of symbols successfully published in this iteration=10
2022-12-26 08:44:22,334 [throttled-publisher-thread-0] INFO  (ThrottledPublisher.java:48) - publishAggregatedMarketData: MarketData(updateTime=2022-12-26T00:44:21.919457Z, symbol=A0, price=Price(bid=279.0, ask=448.0, last=278.0)) publishCounts={A0=8, A1=6, A2=6, A3=6, A4=6, A5=6, A6=6, A7=6, A8=6, A9=6} currentSlidingWindowSize=91
2022-12-26 08:44:22,334 [throttled-publisher-thread-0] INFO  (ThrottledPublisher.java:48) - publishAggregatedMarketData: MarketData(updateTime=2022-12-26T00:44:21.919839Z, symbol=A1, price=Price(bid=780.0, ask=1450.0, last=779.0)) publishCounts={A0=8, A1=7, A2=6, A3=6, A4=6, A5=6, A6=6, A7=6, A8=6, A9=6} currentSlidingWindowSize=92
2022-12-26 08:44:22,334 [throttled-publisher-thread-0] INFO  (ThrottledPublisher.java:48) - publishAggregatedMarketData: MarketData(updateTime=2022-12-26T00:44:21.920079Z, symbol=A2, price=Price(bid=1088.0, ask=2066.0, last=1087.0)) publishCounts={A0=8, A1=7, A2=7, A3=6, A4=6, A5=6, A6=6, A7=6, A8=6, A9=6} currentSlidingWindowSize=93
2022-12-26 08:44:22,335 [throttled-publisher-thread-0] INFO  (ThrottledPublisher.java:48) - publishAggregatedMarketData: MarketData(updateTime=2022-12-26T00:44:21.988038Z, symbol=A3, price=Price(bid=390.0, ask=669.0, last=389.0)) publishCounts={A0=8, A1=7, A2=7, A3=7, A4=6, A5=6, A6=6, A7=6, A8=6, A9=6} currentSlidingWindowSize=94
2022-12-26 08:44:22,335 [throttled-publisher-thread-0] INFO  (ThrottledPublisher.java:48) - publishAggregatedMarketData: MarketData(updateTime=2022-12-26T00:44:21.988234Z, symbol=A4, price=Price(bid=645.0, ask=1179.0, last=644.0)) publishCounts={A0=8, A1=7, A2=7, A3=7, A4=7, A5=6, A6=6, A7=6, A8=6, A9=6} currentSlidingWindowSize=95
2022-12-26 08:44:22,335 [throttled-publisher-thread-0] INFO  (ThrottledPublisher.java:48) - publishAggregatedMarketData: MarketData(updateTime=2022-12-26T00:44:21.988426Z, symbol=A5, price=Price(bid=891.0, ask=1671.0, last=890.0)) publishCounts={A0=8, A1=7, A2=7, A3=7, A4=7, A5=7, A6=6, A7=6, A8=6, A9=6} currentSlidingWindowSize=96
2022-12-26 08:44:22,335 [throttled-publisher-thread-0] INFO  (ThrottledPublisher.java:48) - publishAggregatedMarketData: MarketData(updateTime=2022-12-26T00:44:22.046735Z, symbol=A6, price=Price(bid=192.0, ask=272.0, last=191.0)) publishCounts={A0=8, A1=7, A2=7, A3=7, A4=7, A5=7, A6=7, A7=6, A8=6, A9=6} currentSlidingWindowSize=97
2022-12-26 08:44:22,336 [throttled-publisher-thread-0] INFO  (ThrottledPublisher.java:48) - publishAggregatedMarketData: MarketData(updateTime=2022-12-26T00:44:22.046951Z, symbol=A7, price=Price(bid=473.0, ask=834.0, last=472.0)) publishCounts={A0=8, A1=7, A2=7, A3=7, A4=7, A5=7, A6=7, A7=7, A8=6, A9=6} currentSlidingWindowSize=98
2022-12-26 08:44:22,336 [throttled-publisher-thread-0] INFO  (ThrottledPublisher.java:48) - publishAggregatedMarketData: MarketData(updateTime=2022-12-26T00:44:22.047189Z, symbol=A8, price=Price(bid=776.0, ask=1440.0, last=775.0)) publishCounts={A0=8, A1=7, A2=7, A3=7, A4=7, A5=7, A6=7, A7=7, A8=7, A9=6} currentSlidingWindowSize=99
2022-12-26 08:44:22,336 [throttled-publisher-thread-0] INFO  (ThrottledPublisher.java:48) - publishAggregatedMarketData: MarketData(updateTime=2022-12-26T00:44:22.047387Z, symbol=A9, price=Price(bid=1032.0, ask=1952.0, last=1031.0)) publishCounts={A0=8, A1=7, A2=7, A3=7, A4=7, A5=7, A6=7, A7=7, A8=7, A9=7} currentSlidingWindowSize=100
2022-12-26 08:44:22,336 [throttled-publisher-thread-0] DEBUG (ThrottledPublisher.java:59) - No of symbols successfully published in this iteration=10
2022-12-26 08:44:23,334 [throttled-publisher-thread-0] INFO  (ThrottledPublisher.java:48) - publishAggregatedMarketData: MarketData(updateTime=2022-12-26T00:44:14.397708Z, symbol=A0, price=Price(bid=680.0, ask=1291.0, last=679.0)) publishCounts={A0=9, A1=7, A2=7, A3=7, A4=7, A5=7, A6=7, A7=7, A8=7, A9=7} currentSlidingWindowSize=98
2022-12-26 08:44:23,334 [throttled-publisher-thread-0] INFO  (ThrottledPublisher.java:48) - publishAggregatedMarketData: MarketData(updateTime=2022-12-26T00:44:14.431516Z, symbol=A1, price=Price(bid=346.0, ask=622.0, last=345.0)) publishCounts={A0=9, A1=8, A2=7, A3=7, A4=7, A5=7, A6=7, A7=7, A8=7, A9=7} currentSlidingWindowSize=99
2022-12-26 08:44:23,334 [throttled-publisher-thread-0] INFO  (ThrottledPublisher.java:48) - publishAggregatedMarketData: MarketData(updateTime=2022-12-26T00:44:14.431897Z, symbol=A2, price=Price(bid=680.0, ask=1290.0, last=679.0)) publishCounts={A0=9, A1=8, A2=8, A3=7, A4=7, A5=7, A6=7, A7=7, A8=7, A9=7} currentSlidingWindowSize=100
2022-12-26 08:44:23,335 [throttled-publisher-thread-0] DEBUG (ThrottledPublisher.java:59) - No of symbols successfully published in this iteration=3
2022-12-26 08:44:23,437 [throttled-publisher-thread-0] INFO  (ThrottledPublisher.java:48) - publishAggregatedMarketData: MarketData(updateTime=2022-12-26T00:44:11.864935Z, symbol=A3, price=Price(bid=339.0, ask=676.0, last=338.0)) publishCounts={A0=9, A1=8, A2=8, A3=8, A4=7, A5=7, A6=7, A7=7, A8=7, A9=7} currentSlidingWindowSize=91
2022-12-26 08:44:23,437 [throttled-publisher-thread-0] INFO  (ThrottledPublisher.java:48) - publishAggregatedMarketData: MarketData(updateTime=2022-12-26T00:44:11.871662Z, symbol=A4, price=Price(bid=640.0, ask=1278.0, last=639.0)) publishCounts={A0=9, A1=8, A2=8, A3=8, A4=8, A5=7, A6=7, A7=7, A8=7, A9=7} currentSlidingWindowSize=92
2022-12-26 08:44:23,437 [throttled-publisher-thread-0] INFO  (ThrottledPublisher.java:48) - publishAggregatedMarketData: MarketData(updateTime=2022-12-26T00:44:11.873976Z, symbol=A5, price=Price(bid=856.0, ask=1710.0, last=855.0)) publishCounts={A0=9, A1=8, A2=8, A3=8, A4=8, A5=8, A6=7, A7=7, A8=7, A9=7} currentSlidingWindowSize=93
2022-12-26 08:44:23,437 [throttled-publisher-thread-0] INFO  (ThrottledPublisher.java:48) - publishAggregatedMarketData: MarketData(updateTime=2022-12-26T00:44:11.888308Z, symbol=A6, price=Price(bid=129.0, ask=255.0, last=128.0)) publishCounts={A0=9, A1=8, A2=8, A3=8, A4=8, A5=8, A6=8, A7=7, A8=7, A9=7} currentSlidingWindowSize=94
2022-12-26 08:44:23,437 [throttled-publisher-thread-0] INFO  (ThrottledPublisher.java:48) - publishAggregatedMarketData: MarketData(updateTime=2022-12-26T00:44:11.890146Z, symbol=A7, price=Price(bid=356.0, ask=709.0, last=355.0)) publishCounts={A0=9, A1=8, A2=8, A3=8, A4=8, A5=8, A6=8, A7=8, A8=7, A9=7} currentSlidingWindowSize=95
2022-12-26 08:44:23,438 [throttled-publisher-thread-0] INFO  (ThrottledPublisher.java:48) - publishAggregatedMarketData: MarketData(updateTime=2022-12-26T00:44:11.892689Z, symbol=A8, price=Price(bid=578.0, ask=1153.0, last=577.0)) publishCounts={A0=9, A1=8, A2=8, A3=8, A4=8, A5=8, A6=8, A7=8, A8=8, A9=7} currentSlidingWindowSize=96
2022-12-26 08:44:23,438 [throttled-publisher-thread-0] INFO  (ThrottledPublisher.java:48) - publishAggregatedMarketData: MarketData(updateTime=2022-12-26T00:44:11.895361Z, symbol=A9, price=Price(bid=891.0, ask=1779.0, last=890.0)) publishCounts={A0=9, A1=8, A2=8, A3=8, A4=8, A5=8, A6=8, A7=8, A8=8, A9=8} currentSlidingWindowSize=97
2022-12-26 08:44:23,438 [throttled-publisher-thread-0] DEBUG (ThrottledPublisher.java:59) - No of symbols successfully published in this iteration=7
2022-12-26 08:44:24,336 [throttled-publisher-thread-0] INFO  (ThrottledPublisher.java:48) - publishAggregatedMarketData: MarketData(updateTime=2022-12-26T00:44:13.050678Z, symbol=A1, price=Price(bid=874.0, ask=1713.0, last=873.0)) publishCounts={A0=9, A1=9, A2=8, A3=8, A4=8, A5=8, A6=8, A7=8, A8=8, A9=8} currentSlidingWindowSize=91
2022-12-26 08:44:24,336 [throttled-publisher-thread-0] INFO  (ThrottledPublisher.java:48) - publishAggregatedMarketData: MarketData(updateTime=2022-12-26T00:44:13.072938Z, symbol=A2, price=Price(bid=428.0, ask=820.0, last=427.0)) publishCounts={A0=9, A1=9, A2=9, A3=8, A4=8, A5=8, A6=8, A7=8, A8=8, A9=8} currentSlidingWindowSize=92
2022-12-26 08:44:24,336 [throttled-publisher-thread-0] DEBUG (ThrottledPublisher.java:59) - No of symbols successfully published in this iteration=2
2022-12-26 08:44:24,537 [throttled-publisher-thread-0] INFO  (ThrottledPublisher.java:48) - publishAggregatedMarketData: MarketData(updateTime=2022-12-26T00:44:23.359919Z, symbol=A3, price=Price(bid=666.0, ask=1201.0, last=665.0)) publishCounts={A0=9, A1=9, A2=9, A3=9, A4=8, A5=8, A6=8, A7=8, A8=8, A9=8} currentSlidingWindowSize=91
2022-12-26 08:44:24,537 [throttled-publisher-thread-0] INFO  (ThrottledPublisher.java:48) - publishAggregatedMarketData: MarketData(updateTime=2022-12-26T00:44:23.429176Z, symbol=A4, price=Price(bid=224.0, ask=316.0, last=223.0)) publishCounts={A0=9, A1=9, A2=9, A3=9, A4=9, A5=8, A6=8, A7=8, A8=8, A9=8} currentSlidingWindowSize=92
2022-12-26 08:44:24,537 [throttled-publisher-thread-0] INFO  (ThrottledPublisher.java:48) - publishAggregatedMarketData: MarketData(updateTime=2022-12-26T00:44:23.429289Z, symbol=A5, price=Price(bid=374.0, ask=616.0, last=373.0)) publishCounts={A0=9, A1=9, A2=9, A3=9, A4=9, A5=9, A6=8, A7=8, A8=8, A9=8} currentSlidingWindowSize=93
2022-12-26 08:44:24,537 [throttled-publisher-thread-0] INFO  (ThrottledPublisher.java:48) - publishAggregatedMarketData: MarketData(updateTime=2022-12-26T00:44:23.429425Z, symbol=A6, price=Price(bid=552.0, ask=972.0, last=551.0)) publishCounts={A0=9, A1=9, A2=9, A3=9, A4=9, A5=9, A6=9, A7=8, A8=8, A9=8} currentSlidingWindowSize=94
2022-12-26 08:44:24,537 [throttled-publisher-thread-0] INFO  (ThrottledPublisher.java:48) - publishAggregatedMarketData: MarketData(updateTime=2022-12-26T00:44:23.429575Z, symbol=A7, price=Price(bid=752.0, ask=1372.0, last=751.0)) publishCounts={A0=9, A1=9, A2=9, A3=9, A4=9, A5=9, A6=9, A7=9, A8=8, A9=8} currentSlidingWindowSize=95
2022-12-26 08:44:24,538 [throttled-publisher-thread-0] INFO  (ThrottledPublisher.java:48) - publishAggregatedMarketData: MarketData(updateTime=2022-12-26T00:44:23.429756Z, symbol=A8, price=Price(bid=990.0, ask=1848.0, last=989.0)) publishCounts={A0=9, A1=9, A2=9, A3=9, A4=9, A5=9, A6=9, A7=9, A8=9, A9=8} currentSlidingWindowSize=96
2022-12-26 08:44:24,538 [throttled-publisher-thread-0] INFO  (ThrottledPublisher.java:48) - publishAggregatedMarketData: MarketData(updateTime=2022-12-26T00:44:23.498860Z, symbol=A9, price=Price(bid=191.0, ask=249.0, last=190.0)) publishCounts={A0=9, A1=9, A2=9, A3=9, A4=9, A5=9, A6=9, A7=9, A8=9, A9=9} currentSlidingWindowSize=97
2022-12-26 08:44:24,538 [throttled-publisher-thread-0] DEBUG (ThrottledPublisher.java:59) - No of symbols successfully published in this iteration=7
2022-12-26 08:44:25,437 [throttled-publisher-thread-0] INFO  (ThrottledPublisher.java:48) - publishAggregatedMarketData: MarketData(updateTime=2022-12-26T00:44:14.808038Z, symbol=A1, price=Price(bid=765.0, ask=1453.0, last=764.0)) publishCounts={A0=9, A1=10, A2=9, A3=9, A4=9, A5=9, A6=9, A7=9, A8=9, A9=9} currentSlidingWindowSize=91
2022-12-26 08:44:25,437 [throttled-publisher-thread-0] INFO  (ThrottledPublisher.java:48) - publishAggregatedMarketData: MarketData(updateTime=2022-12-26T00:44:14.845324Z, symbol=A2, price=Price(bid=381.0, ask=684.0, last=380.0)) publishCounts={A0=9, A1=10, A2=10, A3=9, A4=9, A5=9, A6=9, A7=9, A8=9, A9=9} currentSlidingWindowSize=92
2022-12-26 08:44:25,437 [throttled-publisher-thread-0] DEBUG (ThrottledPublisher.java:59) - No of symbols successfully published in this iteration=2
2022-12-26 08:44:25,837 [throttled-publisher-thread-0] INFO  (ThrottledPublisher.java:48) - publishAggregatedMarketData: MarketData(updateTime=2022-12-26T00:44:13.518085Z, symbol=A3, price=Price(bid=1021.0, ask=1996.0, last=1020.0)) publishCounts={A0=9, A1=10, A2=10, A3=10, A4=9, A5=9, A6=9, A7=9, A8=9, A9=9} currentSlidingWindowSize=91
2022-12-26 08:44:25,837 [throttled-publisher-thread-0] INFO  (ThrottledPublisher.java:48) - publishAggregatedMarketData: MarketData(updateTime=2022-12-26T00:44:13.560983Z, symbol=A4, price=Price(bid=626.0, ask=1205.0, last=625.0)) publishCounts={A0=9, A1=10, A2=10, A3=10, A4=10, A5=9, A6=9, A7=9, A8=9, A9=9} currentSlidingWindowSize=92
2022-12-26 08:44:25,837 [throttled-publisher-thread-0] INFO  (ThrottledPublisher.java:48) - publishAggregatedMarketData: MarketData(updateTime=2022-12-26T00:44:13.561401Z, symbol=A5, price=Price(bid=966.0, ask=1885.0, last=965.0)) publishCounts={A0=9, A1=10, A2=10, A3=10, A4=10, A5=10, A6=9, A7=9, A8=9, A9=9} currentSlidingWindowSize=93
2022-12-26 08:44:25,837 [throttled-publisher-thread-0] INFO  (ThrottledPublisher.java:48) - publishAggregatedMarketData: MarketData(updateTime=2022-12-26T00:44:13.608191Z, symbol=A6, price=Price(bid=363.0, ask=678.0, last=362.0)) publishCounts={A0=9, A1=10, A2=10, A3=10, A4=10, A5=10, A6=10, A7=9, A8=9, A9=9} currentSlidingWindowSize=94
2022-12-26 08:44:25,838 [throttled-publisher-thread-0] INFO  (ThrottledPublisher.java:48) - publishAggregatedMarketData: MarketData(updateTime=2022-12-26T00:44:13.608695Z, symbol=A7, price=Price(bid=823.0, ask=1598.0, last=822.0)) publishCounts={A0=9, A1=10, A2=10, A3=10, A4=10, A5=10, A6=10, A7=10, A8=9, A9=9} currentSlidingWindowSize=95
2022-12-26 08:44:25,838 [throttled-publisher-thread-0] INFO  (ThrottledPublisher.java:48) - publishAggregatedMarketData: MarketData(updateTime=2022-12-26T00:44:13.642997Z, symbol=A8, price=Price(bid=214.0, ask=379.0, last=213.0)) publishCounts={A0=9, A1=10, A2=10, A3=10, A4=10, A5=10, A6=10, A7=10, A8=10, A9=9} currentSlidingWindowSize=96
2022-12-26 08:44:25,838 [throttled-publisher-thread-0] INFO  (ThrottledPublisher.java:48) - publishAggregatedMarketData: MarketData(updateTime=2022-12-26T00:44:13.670523Z, symbol=A9, price=Price(bid=615.0, ask=1181.0, last=614.0)) publishCounts={A0=9, A1=10, A2=10, A3=10, A4=10, A5=10, A6=10, A7=10, A8=10, A9=10} currentSlidingWindowSize=97
2022-12-26 08:44:25,838 [throttled-publisher-thread-0] DEBUG (ThrottledPublisher.java:59) - No of symbols successfully published in this iteration=7
2022-12-26 08:44:26,637 [throttled-publisher-thread-0] INFO  (ThrottledPublisher.java:48) - publishAggregatedMarketData: MarketData(updateTime=2022-12-26T00:44:12.121908Z, symbol=A1, price=Price(bid=931.0, ask=1853.0, last=930.0)) publishCounts={A0=9, A1=11, A2=10, A3=10, A4=10, A5=10, A6=10, A7=10, A8=10, A9=10} currentSlidingWindowSize=91
2022-12-26 08:44:26,637 [throttled-publisher-thread-0] INFO  (ThrottledPublisher.java:48) - publishAggregatedMarketData: MarketData(updateTime=2022-12-26T00:44:12.165023Z, symbol=A2, price=Price(bid=528.0, ask=1046.0, last=527.0)) publishCounts={A0=9, A1=11, A2=11, A3=10, A4=10, A5=10, A6=10, A7=10, A8=10, A9=10} currentSlidingWindowSize=92
2022-12-26 08:44:26,637 [throttled-publisher-thread-0] DEBUG (ThrottledPublisher.java:59) - No of symbols successfully published in this iteration=2
2022-12-26 08:44:26,933 [throttled-publisher-thread-0] INFO  (ThrottledPublisher.java:48) - publishAggregatedMarketData: MarketData(updateTime=2022-12-26T00:44:14.527902Z, symbol=A3, price=Price(bid=846.0, ask=1620.0, last=845.0)) publishCounts={A0=9, A1=11, A2=11, A3=11, A4=10, A5=10, A6=10, A7=10, A8=10, A9=10} currentSlidingWindowSize=91
2022-12-26 08:44:26,933 [throttled-publisher-thread-0] INFO  (ThrottledPublisher.java:48) - publishAggregatedMarketData: MarketData(updateTime=2022-12-26T00:44:14.596099Z, symbol=A4, price=Price(bid=455.0, ask=837.0, last=454.0)) publishCounts={A0=9, A1=11, A2=11, A3=11, A4=11, A5=10, A6=10, A7=10, A8=10, A9=10} currentSlidingWindowSize=92
2022-12-26 08:44:26,934 [throttled-publisher-thread-0] INFO  (ThrottledPublisher.java:48) - publishAggregatedMarketData: MarketData(updateTime=2022-12-26T00:44:14.596810Z, symbol=A5, price=Price(bid=844.0, ask=1615.0, last=843.0)) publishCounts={A0=9, A1=11, A2=11, A3=11, A4=11, A5=11, A6=10, A7=10, A8=10, A9=10} currentSlidingWindowSize=93
2022-12-26 08:44:26,934 [throttled-publisher-thread-0] INFO  (ThrottledPublisher.java:48) - publishAggregatedMarketData: MarketData(updateTime=2022-12-26T00:44:14.653168Z, symbol=A6, price=Price(bid=232.0, ask=390.0, last=231.0)) publishCounts={A0=9, A1=11, A2=11, A3=11, A4=11, A5=11, A6=11, A7=10, A8=10, A9=10} currentSlidingWindowSize=94
2022-12-26 08:44:26,934 [throttled-publisher-thread-0] INFO  (ThrottledPublisher.java:48) - publishAggregatedMarketData: MarketData(updateTime=2022-12-26T00:44:14.653548Z, symbol=A7, price=Price(bid=439.0, ask=804.0, last=438.0)) publishCounts={A0=9, A1=11, A2=11, A3=11, A4=11, A5=11, A6=11, A7=11, A8=10, A9=10} currentSlidingWindowSize=95
2022-12-26 08:44:26,934 [throttled-publisher-thread-0] INFO  (ThrottledPublisher.java:48) - publishAggregatedMarketData: MarketData(updateTime=2022-12-26T00:44:14.653889Z, symbol=A8, price=Price(bid=641.0, ask=1208.0, last=640.0)) publishCounts={A0=9, A1=11, A2=11, A3=11, A4=11, A5=11, A6=11, A7=11, A8=11, A9=10} currentSlidingWindowSize=96
2022-12-26 08:44:26,934 [throttled-publisher-thread-0] INFO  (ThrottledPublisher.java:48) - publishAggregatedMarketData: MarketData(updateTime=2022-12-26T00:44:14.654309Z, symbol=A9, price=Price(bid=876.0, ask=1678.0, last=875.0)) publishCounts={A0=9, A1=11, A2=11, A3=11, A4=11, A5=11, A6=11, A7=11, A8=11, A9=11} currentSlidingWindowSize=97
2022-12-26 08:44:26,935 [throttled-publisher-thread-0] DEBUG (ThrottledPublisher.java:59) - No of symbols successfully published in this iteration=7
2022-12-26 08:44:27,732 [throttled-publisher-thread-0] INFO  (ThrottledPublisher.java:48) - publishAggregatedMarketData: MarketData(updateTime=2022-12-26T00:44:14.042279Z, symbol=A1, price=Price(bid=632.0, ask=1205.0, last=631.0)) publishCounts={A0=9, A1=12, A2=11, A3=11, A4=11, A5=11, A6=11, A7=11, A8=11, A9=11} currentSlidingWindowSize=91
2022-12-26 08:44:27,732 [throttled-publisher-thread-0] INFO  (ThrottledPublisher.java:48) - publishAggregatedMarketData: MarketData(updateTime=2022-12-26T00:44:14.072113Z, symbol=A2, price=Price(bid=294.0, ask=528.0, last=293.0)) publishCounts={A0=9, A1=12, A2=12, A3=11, A4=11, A5=11, A6=11, A7=11, A8=11, A9=11} currentSlidingWindowSize=92
2022-12-26 08:44:27,732 [throttled-publisher-thread-0] DEBUG (ThrottledPublisher.java:59) - No of symbols successfully published in this iteration=2
2022-12-26 08:44:27,934 [throttled-publisher-thread-0] INFO  (ThrottledPublisher.java:48) - publishAggregatedMarketData: MarketData(updateTime=2022-12-26T00:44:22.399879Z, symbol=A3, price=Price(bid=191.0, ask=264.0, last=190.0)) publishCounts={A0=9, A1=12, A2=12, A3=12, A4=11, A5=11, A6=11, A7=11, A8=11, A9=11} currentSlidingWindowSize=99
2022-12-26 08:44:27,934 [throttled-publisher-thread-0] INFO  (ThrottledPublisher.java:48) - publishAggregatedMarketData: MarketData(updateTime=2022-12-26T00:44:22.400555Z, symbol=A4, price=Price(bid=1050.0, ask=1982.0, last=1049.0)) publishCounts={A0=9, A1=12, A2=12, A3=12, A4=12, A5=11, A6=11, A7=11, A8=11, A9=11} currentSlidingWindowSize=95
2022-12-26 08:44:27,934 [throttled-publisher-thread-0] INFO  (ThrottledPublisher.java:48) - publishAggregatedMarketData: MarketData(updateTime=2022-12-26T00:44:22.459196Z, symbol=A5, price=Price(bid=669.0, ask=1219.0, last=668.0)) publishCounts={A0=9, A1=12, A2=12, A3=12, A4=12, A5=12, A6=11, A7=11, A8=11, A9=11} currentSlidingWindowSize=96
2022-12-26 08:44:27,935 [throttled-publisher-thread-0] INFO  (ThrottledPublisher.java:48) - publishAggregatedMarketData: MarketData(updateTime=2022-12-26T00:44:22.517069Z, symbol=A6, price=Price(bid=160.0, ask=200.0, last=159.0)) publishCounts={A0=9, A1=12, A2=12, A3=12, A4=12, A5=12, A6=12, A7=11, A8=11, A9=11} currentSlidingWindowSize=94
2022-12-26 08:44:27,935 [throttled-publisher-thread-0] INFO  (ThrottledPublisher.java:48) - publishAggregatedMarketData: MarketData(updateTime=2022-12-26T00:44:22.517434Z, symbol=A7, price=Price(bid=623.0, ask=1126.0, last=622.0)) publishCounts={A0=9, A1=12, A2=12, A3=12, A4=12, A5=12, A6=12, A7=12, A8=11, A9=11} currentSlidingWindowSize=95
2022-12-26 08:44:27,935 [throttled-publisher-thread-0] INFO  (ThrottledPublisher.java:48) - publishAggregatedMarketData: MarketData(updateTime=2022-12-26T00:44:22.517856Z, symbol=A8, price=Price(bid=1079.0, ask=2038.0, last=1078.0)) publishCounts={A0=9, A1=12, A2=12, A3=12, A4=12, A5=12, A6=12, A7=12, A8=12, A9=11} currentSlidingWindowSize=96
2022-12-26 08:44:27,935 [throttled-publisher-thread-0] INFO  (ThrottledPublisher.java:48) - publishAggregatedMarketData: MarketData(updateTime=2022-12-26T00:44:22.578784Z, symbol=A9, price=Price(bid=519.0, ask=917.0, last=518.0)) publishCounts={A0=9, A1=12, A2=12, A3=12, A4=12, A5=12, A6=12, A7=12, A8=12, A9=12} currentSlidingWindowSize=97
2022-12-26 08:44:27,936 [throttled-publisher-thread-0] DEBUG (ThrottledPublisher.java:59) - No of symbols successfully published in this iteration=7
2022-12-26 08:44:28,734 [throttled-publisher-thread-0] INFO  (ThrottledPublisher.java:48) - publishAggregatedMarketData: MarketData(updateTime=2022-12-26T00:44:12.319443Z, symbol=A1, price=Price(bid=532.0, ask=1048.0, last=531.0)) publishCounts={A0=9, A1=13, A2=12, A3=12, A4=12, A5=12, A6=12, A7=12, A8=12, A9=12} currentSlidingWindowSize=91
2022-12-26 08:44:28,734 [throttled-publisher-thread-0] INFO  (ThrottledPublisher.java:48) - publishAggregatedMarketData: MarketData(updateTime=2022-12-26T00:44:12.334090Z, symbol=A2, price=Price(bid=25.0, ask=33.0, last=24.0)) publishCounts={A0=9, A1=13, A2=13, A3=12, A4=12, A5=12, A6=12, A7=12, A8=12, A9=12} currentSlidingWindowSize=92
2022-12-26 08:44:28,734 [throttled-publisher-thread-0] DEBUG (ThrottledPublisher.java:59) - No of symbols successfully published in this iteration=2
2022-12-26 08:44:28,934 [throttled-publisher-thread-0] INFO  (ThrottledPublisher.java:48) - publishAggregatedMarketData: MarketData(updateTime=2022-12-26T00:44:13.407125Z, symbol=A3, price=Price(bid=302.0, ask=560.0, last=301.0)) publishCounts={A0=9, A1=13, A2=13, A3=13, A4=12, A5=12, A6=12, A7=12, A8=12, A9=12} currentSlidingWindowSize=98
2022-12-26 08:44:28,935 [throttled-publisher-thread-0] INFO  (ThrottledPublisher.java:48) - publishAggregatedMarketData: MarketData(updateTime=2022-12-26T00:44:13.443844Z, symbol=A4, price=Price(bid=60.0, ask=75.0, last=59.0)) publishCounts={A0=9, A1=13, A2=13, A3=13, A4=13, A5=12, A6=12, A7=12, A8=12, A9=12} currentSlidingWindowSize=95
2022-12-26 08:44:28,935 [throttled-publisher-thread-0] INFO  (ThrottledPublisher.java:48) - publishAggregatedMarketData: MarketData(updateTime=2022-12-26T00:44:13.444341Z, symbol=A5, price=Price(bid=460.0, ask=875.0, last=459.0)) publishCounts={A0=9, A1=13, A2=13, A3=13, A4=13, A5=13, A6=12, A7=12, A8=12, A9=12} currentSlidingWindowSize=96
2022-12-26 08:44:28,935 [throttled-publisher-thread-0] INFO  (ThrottledPublisher.java:48) - publishAggregatedMarketData: MarketData(updateTime=2022-12-26T00:44:13.444734Z, symbol=A6, price=Price(bid=772.0, ask=1499.0, last=771.0)) publishCounts={A0=9, A1=13, A2=13, A3=13, A4=13, A5=13, A6=13, A7=12, A8=12, A9=12} currentSlidingWindowSize=97
2022-12-26 08:44:28,936 [throttled-publisher-thread-0] INFO  (ThrottledPublisher.java:48) - publishAggregatedMarketData: MarketData(updateTime=2022-12-26T00:44:13.515663Z, symbol=A7, price=Price(bid=62.0, ask=78.0, last=61.0)) publishCounts={A0=9, A1=13, A2=13, A3=13, A4=13, A5=13, A6=13, A7=13, A8=12, A9=12} currentSlidingWindowSize=98
2022-12-26 08:44:28,936 [throttled-publisher-thread-0] INFO  (ThrottledPublisher.java:48) - publishAggregatedMarketData: MarketData(updateTime=2022-12-26T00:44:13.516784Z, symbol=A8, price=Price(bid=328.0, ask=610.0, last=327.0)) publishCounts={A0=9, A1=13, A2=13, A3=13, A4=13, A5=13, A6=13, A7=13, A8=13, A9=12} currentSlidingWindowSize=96
2022-12-26 08:44:28,936 [throttled-publisher-thread-0] DEBUG (ThrottledPublisher.java:59) - No of symbols successfully published in this iteration=6
2022-12-26 08:44:29,736 [throttled-publisher-thread-0] INFO  (ThrottledPublisher.java:48) - publishAggregatedMarketData: MarketData(updateTime=2022-12-26T00:44:24.694411Z, symbol=A1, price=Price(bid=840.0, ask=1533.0, last=839.0)) publishCounts={A0=9, A1=14, A2=13, A3=13, A4=13, A5=13, A6=13, A7=13, A8=13, A9=12} currentSlidingWindowSize=91
2022-12-26 08:44:29,736 [throttled-publisher-thread-0] INFO  (ThrottledPublisher.java:48) - publishAggregatedMarketData: MarketData(updateTime=2022-12-26T00:44:24.834096Z, symbol=A2, price=Price(bid=303.0, ask=458.0, last=302.0)) publishCounts={A0=9, A1=14, A2=14, A3=13, A4=13, A5=13, A6=13, A7=13, A8=13, A9=12} currentSlidingWindowSize=92
2022-12-26 08:44:29,736 [throttled-publisher-thread-0] DEBUG (ThrottledPublisher.java:59) - No of symbols successfully published in this iteration=2
2022-12-26 08:44:30,037 [throttled-publisher-thread-0] INFO  (ThrottledPublisher.java:48) - publishAggregatedMarketData: MarketData(updateTime=2022-12-26T00:44:24.010742Z, symbol=A3, price=Price(bid=846.0, ask=1553.0, last=845.0)) publishCounts={A0=9, A1=14, A2=14, A3=14, A4=13, A5=13, A6=13, A7=13, A8=13, A9=12} currentSlidingWindowSize=91
2022-12-26 08:44:30,037 [throttled-publisher-thread-0] INFO  (ThrottledPublisher.java:48) - publishAggregatedMarketData: MarketData(updateTime=2022-12-26T00:44:24.102958Z, symbol=A4, price=Price(bid=711.0, ask=1282.0, last=710.0)) publishCounts={A0=9, A1=14, A2=14, A3=14, A4=14, A5=13, A6=13, A7=13, A8=13, A9=12} currentSlidingWindowSize=92
2022-12-26 08:44:30,037 [throttled-publisher-thread-0] INFO  (ThrottledPublisher.java:48) - publishAggregatedMarketData: MarketData(updateTime=2022-12-26T00:44:24.103315Z, symbol=A5, price=Price(bid=1027.0, ask=1914.0, last=1026.0)) publishCounts={A0=9, A1=14, A2=14, A3=14, A4=14, A5=14, A6=13, A7=13, A8=13, A9=12} currentSlidingWindowSize=93
2022-12-26 08:44:30,038 [throttled-publisher-thread-0] INFO  (ThrottledPublisher.java:48) - publishAggregatedMarketData: MarketData(updateTime=2022-12-26T00:44:24.196181Z, symbol=A6, price=Price(bid=527.0, ask=913.0, last=526.0)) publishCounts={A0=9, A1=14, A2=14, A3=14, A4=14, A5=14, A6=14, A7=13, A8=13, A9=12} currentSlidingWindowSize=94
2022-12-26 08:44:30,038 [throttled-publisher-thread-0] INFO  (ThrottledPublisher.java:48) - publishAggregatedMarketData: MarketData(updateTime=2022-12-26T00:44:24.196510Z, symbol=A7, price=Price(bid=798.0, ask=1455.0, last=797.0)) publishCounts={A0=9, A1=14, A2=14, A3=14, A4=14, A5=14, A6=14, A7=14, A8=13, A9=12} currentSlidingWindowSize=95
2022-12-26 08:44:30,038 [throttled-publisher-thread-0] INFO  (ThrottledPublisher.java:48) - publishAggregatedMarketData: MarketData(updateTime=2022-12-26T00:44:24.196753Z, symbol=A8, price=Price(bid=1006.0, ask=1871.0, last=1005.0)) publishCounts={A0=9, A1=14, A2=14, A3=14, A4=14, A5=14, A6=14, A7=14, A8=14, A9=12} currentSlidingWindowSize=96
2022-12-26 08:44:30,038 [throttled-publisher-thread-0] DEBUG (ThrottledPublisher.java:59) - No of symbols successfully published in this iteration=6
2022-12-26 08:44:30,066 [market-data-processor-thread-0] INFO  (MarketDataThrottleApplication.java:36) - Giving the consumer some breathing space for 5 secs. Have published 200 ticks so far
2022-12-26 08:44:30,932 [throttled-publisher-thread-0] INFO  (ThrottledPublisher.java:48) - publishAggregatedMarketData: MarketData(updateTime=2022-12-26T00:44:30.164414Z, symbol=A1, price=Price(bid=1200.0, ask=2200.0, last=1199.0)) publishCounts={A0=9, A1=15, A2=14, A3=14, A4=14, A5=14, A6=14, A7=14, A8=14, A9=12} currentSlidingWindowSize=91
2022-12-26 08:44:30,933 [throttled-publisher-thread-0] INFO  (ThrottledPublisher.java:48) - publishAggregatedMarketData: MarketData(updateTime=2022-12-26T00:44:30.164415Z, symbol=A2, price=Price(bid=1200.0, ask=2200.0, last=1199.0)) publishCounts={A0=9, A1=15, A2=15, A3=14, A4=14, A5=14, A6=14, A7=14, A8=14, A9=12} currentSlidingWindowSize=92
2022-12-26 08:44:30,933 [throttled-publisher-thread-0] DEBUG (ThrottledPublisher.java:59) - No of symbols successfully published in this iteration=2
2022-12-26 08:44:31,132 [throttled-publisher-thread-0] INFO  (ThrottledPublisher.java:48) - publishAggregatedMarketData: MarketData(updateTime=2022-12-26T00:44:30.164415Z, symbol=A3, price=Price(bid=1200.0, ask=2200.0, last=1199.0)) publishCounts={A0=9, A1=15, A2=15, A3=15, A4=14, A5=14, A6=14, A7=14, A8=14, A9=12} currentSlidingWindowSize=99
2022-12-26 08:44:31,132 [throttled-publisher-thread-0] INFO  (ThrottledPublisher.java:48) - publishAggregatedMarketData: MarketData(updateTime=2022-12-26T00:44:30.164415Z, symbol=A4, price=Price(bid=1200.0, ask=2200.0, last=1199.0)) publishCounts={A0=9, A1=15, A2=15, A3=15, A4=15, A5=14, A6=14, A7=14, A8=14, A9=12} currentSlidingWindowSize=100
2022-12-26 08:44:31,133 [throttled-publisher-thread-0] DEBUG (ThrottledPublisher.java:59) - No of symbols successfully published in this iteration=2
2022-12-26 08:44:31,233 [throttled-publisher-thread-0] INFO  (ThrottledPublisher.java:48) - publishAggregatedMarketData: MarketData(updateTime=2022-12-26T00:44:30.164415Z, symbol=A5, price=Price(bid=1200.0, ask=2200.0, last=1199.0)) publishCounts={A0=9, A1=15, A2=15, A3=15, A4=15, A5=15, A6=14, A7=14, A8=14, A9=12} currentSlidingWindowSize=87
2022-12-26 08:44:31,235 [throttled-publisher-thread-0] INFO  (ThrottledPublisher.java:48) - publishAggregatedMarketData: MarketData(updateTime=2022-12-26T00:44:30.164415Z, symbol=A6, price=Price(bid=1200.0, ask=2200.0, last=1199.0)) publishCounts={A0=9, A1=15, A2=15, A3=15, A4=15, A5=15, A6=15, A7=14, A8=14, A9=12} currentSlidingWindowSize=88
2022-12-26 08:44:31,237 [throttled-publisher-thread-0] INFO  (ThrottledPublisher.java:48) - publishAggregatedMarketData: MarketData(updateTime=2022-12-26T00:44:30.164415Z, symbol=A7, price=Price(bid=1200.0, ask=2200.0, last=1199.0)) publishCounts={A0=9, A1=15, A2=15, A3=15, A4=15, A5=15, A6=15, A7=15, A8=14, A9=12} currentSlidingWindowSize=89
2022-12-26 08:44:31,238 [throttled-publisher-thread-0] INFO  (ThrottledPublisher.java:48) - publishAggregatedMarketData: MarketData(updateTime=2022-12-26T00:44:30.164415Z, symbol=A8, price=Price(bid=1200.0, ask=2200.0, last=1199.0)) publishCounts={A0=9, A1=15, A2=15, A3=15, A4=15, A5=15, A6=15, A7=15, A8=15, A9=12} currentSlidingWindowSize=90
2022-12-26 08:44:31,239 [throttled-publisher-thread-0] DEBUG (ThrottledPublisher.java:59) - No of symbols successfully published in this iteration=4
2022-12-26 08:44:35,136 [throttled-publisher-thread-0] INFO  (ThrottledPublisher.java:48) - publishAggregatedMarketData: MarketData(updateTime=2022-12-26T00:44:23.292980Z, symbol=A1, price=Price(bid=735.0, ask=1340.0, last=734.0)) publishCounts={A0=9, A1=16, A2=15, A3=15, A4=15, A5=15, A6=15, A7=15, A8=15, A9=12} currentSlidingWindowSize=1
2022-12-26 08:44:35,136 [throttled-publisher-thread-0] INFO  (ThrottledPublisher.java:48) - publishAggregatedMarketData: MarketData(updateTime=2022-12-26T00:44:23.359733Z, symbol=A2, price=Price(bid=420.0, ask=709.0, last=419.0)) publishCounts={A0=9, A1=16, A2=16, A3=15, A4=15, A5=15, A6=15, A7=15, A8=15, A9=12} currentSlidingWindowSize=2
2022-12-26 08:44:35,136 [throttled-publisher-thread-0] INFO  (ThrottledPublisher.java:48) - publishAggregatedMarketData: MarketData(updateTime=2022-12-26T00:44:23.360101Z, symbol=A3, price=Price(bid=909.0, ask=1687.0, last=908.0)) publishCounts={A0=9, A1=16, A2=16, A3=16, A4=15, A5=15, A6=15, A7=15, A8=15, A9=12} currentSlidingWindowSize=3
2022-12-26 08:44:35,136 [throttled-publisher-thread-0] INFO  (ThrottledPublisher.java:48) - publishAggregatedMarketData: MarketData(updateTime=2022-12-26T00:44:23.429152Z, symbol=A4, price=Price(bid=192.0, ask=252.0, last=191.0)) publishCounts={A0=9, A1=16, A2=16, A3=16, A4=16, A5=15, A6=15, A7=15, A8=15, A9=12} currentSlidingWindowSize=4
2022-12-26 08:44:35,137 [throttled-publisher-thread-0] INFO  (ThrottledPublisher.java:48) - publishAggregatedMarketData: MarketData(updateTime=2022-12-26T00:44:23.429368Z, symbol=A5, price=Price(bid=478.0, ask=824.0, last=477.0)) publishCounts={A0=9, A1=16, A2=16, A3=16, A4=16, A5=16, A6=15, A7=15, A8=15, A9=12} currentSlidingWindowSize=5
2022-12-26 08:44:35,137 [throttled-publisher-thread-0] INFO  (ThrottledPublisher.java:48) - publishAggregatedMarketData: MarketData(updateTime=2022-12-26T00:44:23.429617Z, symbol=A6, price=Price(bid=806.0, ask=1480.0, last=805.0)) publishCounts={A0=9, A1=16, A2=16, A3=16, A4=16, A5=16, A6=16, A7=15, A8=15, A9=12} currentSlidingWindowSize=6
2022-12-26 08:44:35,137 [throttled-publisher-thread-0] INFO  (ThrottledPublisher.java:48) - publishAggregatedMarketData: MarketData(updateTime=2022-12-26T00:44:23.498819Z, symbol=A7, price=Price(bid=136.0, ask=139.0, last=135.0)) publishCounts={A0=9, A1=16, A2=16, A3=16, A4=16, A5=16, A6=16, A7=16, A8=15, A9=12} currentSlidingWindowSize=7
2022-12-26 08:44:35,137 [throttled-publisher-thread-0] INFO  (ThrottledPublisher.java:48) - publishAggregatedMarketData: MarketData(updateTime=2022-12-26T00:44:23.499033Z, symbol=A8, price=Price(bid=407.0, ask=681.0, last=406.0)) publishCounts={A0=9, A1=16, A2=16, A3=16, A4=16, A5=16, A6=16, A7=16, A8=16, A9=12} currentSlidingWindowSize=8
2022-12-26 08:44:35,137 [throttled-publisher-thread-0] DEBUG (ThrottledPublisher.java:59) - No of symbols successfully published in this iteration=8
2022-12-26 08:44:36,137 [throttled-publisher-thread-0] INFO  (ThrottledPublisher.java:48) - publishAggregatedMarketData: MarketData(updateTime=2022-12-26T00:44:15.277712Z, symbol=A1, price=Price(bid=636.0, ask=1184.0, last=635.0)) publishCounts={A0=9, A1=17, A2=16, A3=16, A4=16, A5=16, A6=16, A7=16, A8=16, A9=12} currentSlidingWindowSize=97
2022-12-26 08:44:36,168 [throttled-publisher-thread-0] INFO  (ThrottledPublisher.java:48) - publishAggregatedMarketData: MarketData(updateTime=2022-12-26T00:44:15.354117Z, symbol=A2, price=Price(bid=173.0, ask=257.0, last=172.0)) publishCounts={A0=9, A1=17, A2=17, A3=16, A4=16, A5=16, A6=16, A7=16, A8=16, A9=12} currentSlidingWindowSize=92
2022-12-26 08:44:36,168 [throttled-publisher-thread-0] INFO  (ThrottledPublisher.java:48) - publishAggregatedMarketData: MarketData(updateTime=2022-12-26T00:44:15.354269Z, symbol=A3, price=Price(bid=377.0, ask=665.0, last=376.0)) publishCounts={A0=9, A1=17, A2=17, A3=17, A4=16, A5=16, A6=16, A7=16, A8=16, A9=12} currentSlidingWindowSize=93
2022-12-26 08:44:36,168 [throttled-publisher-thread-0] INFO  (ThrottledPublisher.java:48) - publishAggregatedMarketData: MarketData(updateTime=2022-12-26T00:44:15.354381Z, symbol=A4, price=Price(bid=528.0, ask=967.0, last=527.0)) publishCounts={A0=9, A1=17, A2=17, A3=17, A4=17, A5=16, A6=16, A7=16, A8=16, A9=12} currentSlidingWindowSize=94
2022-12-26 08:44:36,168 [throttled-publisher-thread-0] INFO  (ThrottledPublisher.java:48) - publishAggregatedMarketData: MarketData(updateTime=2022-12-26T00:44:15.354484Z, symbol=A6, price=Price(bid=665.0, ask=1241.0, last=664.0)) publishCounts={A0=9, A1=17, A2=17, A3=17, A4=17, A5=16, A6=17, A7=16, A8=16, A9=12} currentSlidingWindowSize=95
2022-12-26 08:44:36,168 [throttled-publisher-thread-0] INFO  (ThrottledPublisher.java:48) - publishAggregatedMarketData: MarketData(updateTime=2022-12-26T00:44:15.354602Z, symbol=A7, price=Price(bid=798.0, ask=1507.0, last=797.0)) publishCounts={A0=9, A1=17, A2=17, A3=17, A4=17, A5=16, A6=17, A7=17, A8=16, A9=12} currentSlidingWindowSize=96
2022-12-26 08:44:36,169 [throttled-publisher-thread-0] INFO  (ThrottledPublisher.java:48) - publishAggregatedMarketData: MarketData(updateTime=2022-12-26T00:44:15.354720Z, symbol=A8, price=Price(bid=954.0, ask=1819.0, last=953.0)) publishCounts={A0=9, A1=17, A2=17, A3=17, A4=17, A5=16, A6=17, A7=17, A8=17, A9=12} currentSlidingWindowSize=97
2022-12-26 08:44:36,169 [throttled-publisher-thread-0] DEBUG (ThrottledPublisher.java:59) - No of symbols successfully published in this iteration=7
2022-12-26 08:44:37,637 [throttled-publisher-thread-0] INFO  (ThrottledPublisher.java:48) - publishAggregatedMarketData: MarketData(updateTime=2022-12-26T00:44:13.020906Z, symbol=A1, price=Price(bid=174.0, ask=314.0, last=173.0)) publishCounts={A0=9, A1=18, A2=17, A3=17, A4=17, A5=16, A6=17, A7=17, A8=17, A9=12} currentSlidingWindowSize=91
2022-12-26 08:44:37,637 [throttled-publisher-thread-0] INFO  (ThrottledPublisher.java:48) - publishAggregatedMarketData: MarketData(updateTime=2022-12-26T00:44:13.050102Z, symbol=A2, price=Price(bid=225.0, ask=415.0, last=224.0)) publishCounts={A0=9, A1=18, A2=18, A3=17, A4=17, A5=16, A6=17, A7=17, A8=17, A9=12} currentSlidingWindowSize=92
2022-12-26 08:44:37,637 [throttled-publisher-thread-0] INFO  (ThrottledPublisher.java:48) - publishAggregatedMarketData: MarketData(updateTime=2022-12-26T00:44:13.050199Z, symbol=A3, price=Price(bid=353.0, ask=671.0, last=352.0)) publishCounts={A0=9, A1=18, A2=18, A3=18, A4=17, A5=16, A6=17, A7=17, A8=17, A9=12} currentSlidingWindowSize=93
2022-12-26 08:44:37,637 [throttled-publisher-thread-0] INFO  (ThrottledPublisher.java:48) - publishAggregatedMarketData: MarketData(updateTime=2022-12-26T00:44:13.050349Z, symbol=A4, price=Price(bid=539.0, ask=1043.0, last=538.0)) publishCounts={A0=9, A1=18, A2=18, A3=18, A4=18, A5=16, A6=17, A7=17, A8=17, A9=12} currentSlidingWindowSize=94
2022-12-26 08:44:37,638 [throttled-publisher-thread-0] INFO  (ThrottledPublisher.java:48) - publishAggregatedMarketData: MarketData(updateTime=2022-12-26T00:44:13.050500Z, symbol=A6, price=Price(bid=737.0, ask=1439.0, last=736.0)) publishCounts={A0=9, A1=18, A2=18, A3=18, A4=18, A5=16, A6=18, A7=17, A8=17, A9=12} currentSlidingWindowSize=95
2022-12-26 08:44:37,638 [throttled-publisher-thread-0] INFO  (ThrottledPublisher.java:48) - publishAggregatedMarketData: MarketData(updateTime=2022-12-26T00:44:13.072687Z, symbol=A7, price=Price(bid=107.0, ask=178.0, last=106.0)) publishCounts={A0=9, A1=18, A2=18, A3=18, A4=18, A5=16, A6=18, A7=18, A8=17, A9=12} currentSlidingWindowSize=96
2022-12-26 08:44:37,638 [throttled-publisher-thread-0] INFO  (ThrottledPublisher.java:48) - publishAggregatedMarketData: MarketData(updateTime=2022-12-26T00:44:13.072926Z, symbol=A8, price=Price(bid=412.0, ask=788.0, last=411.0)) publishCounts={A0=9, A1=18, A2=18, A3=18, A4=18, A5=16, A6=18, A7=18, A8=18, A9=12} currentSlidingWindowSize=97
2022-12-26 08:44:37,638 [throttled-publisher-thread-0] DEBUG (ThrottledPublisher.java:59) - No of symbols successfully published in this iteration=7
2022-12-26 08:44:38,732 [throttled-publisher-thread-0] INFO  (ThrottledPublisher.java:48) - publishAggregatedMarketData: MarketData(updateTime=2022-12-26T00:44:37.841140Z, symbol=A1, price=Price(bid=1120.0, ask=2019.0, last=1119.0)) publishCounts={A0=9, A1=19, A2=18, A3=18, A4=18, A5=16, A6=18, A7=18, A8=18, A9=12} currentSlidingWindowSize=91
2022-12-26 08:44:38,732 [throttled-publisher-thread-0] INFO  (ThrottledPublisher.java:48) - publishAggregatedMarketData: MarketData(updateTime=2022-12-26T00:44:37.841139Z, symbol=A2, price=Price(bid=1119.0, ask=2017.0, last=1118.0)) publishCounts={A0=9, A1=19, A2=19, A3=18, A4=18, A5=16, A6=18, A7=18, A8=18, A9=12} currentSlidingWindowSize=92
2022-12-26 08:44:38,732 [throttled-publisher-thread-0] INFO  (ThrottledPublisher.java:48) - publishAggregatedMarketData: MarketData(updateTime=2022-12-26T00:44:37.841139Z, symbol=A3, price=Price(bid=1119.0, ask=2017.0, last=1118.0)) publishCounts={A0=9, A1=19, A2=19, A3=19, A4=18, A5=16, A6=18, A7=18, A8=18, A9=12} currentSlidingWindowSize=93
2022-12-26 08:44:38,732 [throttled-publisher-thread-0] INFO  (ThrottledPublisher.java:48) - publishAggregatedMarketData: MarketData(updateTime=2022-12-26T00:44:37.841140Z, symbol=A4, price=Price(bid=1119.0, ask=2017.0, last=1118.0)) publishCounts={A0=9, A1=19, A2=19, A3=19, A4=19, A5=16, A6=18, A7=18, A8=18, A9=12} currentSlidingWindowSize=94
2022-12-26 08:44:38,733 [throttled-publisher-thread-0] INFO  (ThrottledPublisher.java:48) - publishAggregatedMarketData: MarketData(updateTime=2022-12-26T00:44:37.841140Z, symbol=A6, price=Price(bid=1119.0, ask=2017.0, last=1118.0)) publishCounts={A0=9, A1=19, A2=19, A3=19, A4=19, A5=16, A6=19, A7=18, A8=18, A9=12} currentSlidingWindowSize=95
2022-12-26 08:44:38,733 [throttled-publisher-thread-0] INFO  (ThrottledPublisher.java:48) - publishAggregatedMarketData: MarketData(updateTime=2022-12-26T00:44:37.841140Z, symbol=A7, price=Price(bid=1119.0, ask=2017.0, last=1118.0)) publishCounts={A0=9, A1=19, A2=19, A3=19, A4=19, A5=16, A6=19, A7=19, A8=18, A9=12} currentSlidingWindowSize=96
2022-12-26 08:44:38,733 [throttled-publisher-thread-0] INFO  (ThrottledPublisher.java:48) - publishAggregatedMarketData: MarketData(updateTime=2022-12-26T00:44:37.841140Z, symbol=A8, price=Price(bid=1119.0, ask=2017.0, last=1118.0)) publishCounts={A0=9, A1=19, A2=19, A3=19, A4=19, A5=16, A6=19, A7=19, A8=19, A9=12} currentSlidingWindowSize=97
2022-12-26 08:44:38,733 [throttled-publisher-thread-0] DEBUG (ThrottledPublisher.java:59) - No of symbols successfully published in this iteration=7
2022-12-26 08:44:39,734 [throttled-publisher-thread-0] INFO  (ThrottledPublisher.java:48) - publishAggregatedMarketData: MarketData(updateTime=2022-12-26T00:44:24.694186Z, symbol=A2, price=Price(bid=686.0, ask=1225.0, last=685.0)) publishCounts={A0=9, A1=19, A2=20, A3=19, A4=19, A5=16, A6=19, A7=19, A8=19, A9=12} currentSlidingWindowSize=91
2022-12-26 08:44:39,734 [throttled-publisher-thread-0] INFO  (ThrottledPublisher.java:48) - publishAggregatedMarketData: MarketData(updateTime=2022-12-26T00:44:24.834344Z, symbol=A3, price=Price(bid=459.0, ask=770.0, last=458.0)) publishCounts={A0=9, A1=19, A2=20, A3=20, A4=19, A5=16, A6=19, A7=19, A8=19, A9=12} currentSlidingWindowSize=92
2022-12-26 08:44:39,734 [throttled-publisher-thread-0] INFO  (ThrottledPublisher.java:48) - publishAggregatedMarketData: MarketData(updateTime=2022-12-26T00:44:24.834851Z, symbol=A4, price=Price(bid=865.0, ask=1582.0, last=864.0)) publishCounts={A0=9, A1=19, A2=20, A3=20, A4=20, A5=16, A6=19, A7=19, A8=19, A9=12} currentSlidingWindowSize=93
2022-12-26 08:44:39,735 [throttled-publisher-thread-0] INFO  (ThrottledPublisher.java:48) - publishAggregatedMarketData: MarketData(updateTime=2022-12-26T00:44:24.907616Z, symbol=A6, price=Price(bid=306.0, ask=463.0, last=305.0)) publishCounts={A0=9, A1=19, A2=20, A3=20, A4=20, A5=16, A6=20, A7=19, A8=19, A9=12} currentSlidingWindowSize=94
2022-12-26 08:44:39,735 [throttled-publisher-thread-0] INFO  (ThrottledPublisher.java:48) - publishAggregatedMarketData: MarketData(updateTime=2022-12-26T00:44:24.908181Z, symbol=A7, price=Price(bid=773.0, ask=1397.0, last=772.0)) publishCounts={A0=9, A1=19, A2=20, A3=20, A4=20, A5=16, A6=20, A7=20, A8=19, A9=12} currentSlidingWindowSize=95
2022-12-26 08:44:39,735 [throttled-publisher-thread-0] INFO  (ThrottledPublisher.java:48) - publishAggregatedMarketData: MarketData(updateTime=2022-12-26T00:44:25.028501Z, symbol=A8, price=Price(bid=201.0, ask=252.0, last=200.0)) publishCounts={A0=9, A1=19, A2=20, A3=20, A4=20, A5=16, A6=20, A7=20, A8=20, A9=12} currentSlidingWindowSize=96
2022-12-26 08:44:39,735 [throttled-publisher-thread-0] INFO  (ThrottledPublisher.java:48) - publishAggregatedMarketData: MarketData(updateTime=2022-12-26T00:44:25.028776Z, symbol=A1, price=Price(bid=565.0, ask=980.0, last=564.0)) publishCounts={A0=9, A1=20, A2=20, A3=20, A4=20, A5=16, A6=20, A7=20, A8=20, A9=12} currentSlidingWindowSize=97
2022-12-26 08:44:39,735 [throttled-publisher-thread-0] DEBUG (ThrottledPublisher.java:59) - No of symbols successfully published in this iteration=7
2022-12-26 08:44:40,737 [throttled-publisher-thread-0] INFO  (ThrottledPublisher.java:48) - publishAggregatedMarketData: MarketData(updateTime=2022-12-26T00:44:14.596702Z, symbol=A2, price=Price(bid=784.0, ask=1495.0, last=783.0)) publishCounts={A0=9, A1=20, A2=21, A3=20, A4=20, A5=16, A6=20, A7=20, A8=20, A9=12} currentSlidingWindowSize=91
2022-12-26 08:44:40,737 [throttled-publisher-thread-0] INFO  (ThrottledPublisher.java:48) - publishAggregatedMarketData: MarketData(updateTime=2022-12-26T00:44:14.653355Z, symbol=A3, price=Price(bid=330.0, ask=586.0, last=329.0)) publishCounts={A0=9, A1=20, A2=21, A3=21, A4=20, A5=16, A6=20, A7=20, A8=20, A9=12} currentSlidingWindowSize=92
2022-12-26 08:44:40,737 [throttled-publisher-thread-0] INFO  (ThrottledPublisher.java:48) - publishAggregatedMarketData: MarketData(updateTime=2022-12-26T00:44:14.653726Z, symbol=A4, price=Price(bid=545.0, ask=1016.0, last=544.0)) publishCounts={A0=9, A1=20, A2=21, A3=21, A4=21, A5=16, A6=20, A7=20, A8=20, A9=12} currentSlidingWindowSize=93
2022-12-26 08:44:40,737 [throttled-publisher-thread-0] INFO  (ThrottledPublisher.java:48) - publishAggregatedMarketData: MarketData(updateTime=2022-12-26T00:44:14.654309Z, symbol=A6, price=Price(bid=877.0, ask=1680.0, last=876.0)) publishCounts={A0=9, A1=20, A2=21, A3=21, A4=21, A5=16, A6=21, A7=20, A8=20, A9=12} currentSlidingWindowSize=94
2022-12-26 08:44:40,737 [throttled-publisher-thread-0] INFO  (ThrottledPublisher.java:48) - publishAggregatedMarketData: MarketData(updateTime=2022-12-26T00:44:14.654666Z, symbol=A7, price=Price(bid=1059.0, ask=2044.0, last=1058.0)) publishCounts={A0=9, A1=20, A2=21, A3=21, A4=21, A5=16, A6=21, A7=21, A8=20, A9=12} currentSlidingWindowSize=95
2022-12-26 08:44:40,738 [throttled-publisher-thread-0] INFO  (ThrottledPublisher.java:48) - publishAggregatedMarketData: MarketData(updateTime=2022-12-26T00:44:14.697962Z, symbol=A8, price=Price(bid=226.0, ask=377.0, last=225.0)) publishCounts={A0=9, A1=20, A2=21, A3=21, A4=21, A5=16, A6=21, A7=21, A8=21, A9=12} currentSlidingWindowSize=96
2022-12-26 08:44:40,738 [throttled-publisher-thread-0] INFO  (ThrottledPublisher.java:48) - publishAggregatedMarketData: MarketData(updateTime=2022-12-26T00:44:14.698083Z, symbol=A1, price=Price(bid=335.0, ask=595.0, last=334.0)) publishCounts={A0=9, A1=21, A2=21, A3=21, A4=21, A5=16, A6=21, A7=21, A8=21, A9=12} currentSlidingWindowSize=97
2022-12-26 08:44:40,738 [throttled-publisher-thread-0] DEBUG (ThrottledPublisher.java:59) - No of symbols successfully published in this iteration=7
2022-12-26 08:44:41,837 [throttled-publisher-thread-0] INFO  (ThrottledPublisher.java:48) - publishAggregatedMarketData: MarketData(updateTime=2022-12-26T00:44:14.200504Z, symbol=A2, price=Price(bid=440.0, ask=816.0, last=439.0)) publishCounts={A0=9, A1=21, A2=22, A3=21, A4=21, A5=16, A6=21, A7=21, A8=21, A9=12} currentSlidingWindowSize=91
2022-12-26 08:44:41,837 [throttled-publisher-thread-0] INFO  (ThrottledPublisher.java:48) - publishAggregatedMarketData: MarketData(updateTime=2022-12-26T00:44:14.201125Z, symbol=A3, price=Price(bid=972.0, ask=1880.0, last=971.0)) publishCounts={A0=9, A1=21, A2=22, A3=22, A4=21, A5=16, A6=21, A7=21, A8=21, A9=12} currentSlidingWindowSize=92
2022-12-26 08:44:41,837 [throttled-publisher-thread-0] INFO  (ThrottledPublisher.java:48) - publishAggregatedMarketData: MarketData(updateTime=2022-12-26T00:44:14.233800Z, symbol=A4, price=Price(bid=273.0, ask=481.0, last=272.0)) publishCounts={A0=9, A1=21, A2=22, A3=22, A4=22, A5=16, A6=21, A7=21, A8=21, A9=12} currentSlidingWindowSize=93
2022-12-26 08:44:41,837 [throttled-publisher-thread-0] INFO  (ThrottledPublisher.java:48) - publishAggregatedMarketData: MarketData(updateTime=2022-12-26T00:44:14.234057Z, symbol=A6, price=Price(bid=497.0, ask=929.0, last=496.0)) publishCounts={A0=9, A1=21, A2=22, A3=22, A4=22, A5=16, A6=22, A7=21, A8=21, A9=12} currentSlidingWindowSize=94
2022-12-26 08:44:41,837 [throttled-publisher-thread-0] INFO  (ThrottledPublisher.java:48) - publishAggregatedMarketData: MarketData(updateTime=2022-12-26T00:44:14.234266Z, symbol=A7, price=Price(bid=688.0, ask=1311.0, last=687.0)) publishCounts={A0=9, A1=21, A2=22, A3=22, A4=22, A5=16, A6=22, A7=22, A8=21, A9=12} currentSlidingWindowSize=95
2022-12-26 08:44:41,838 [throttled-publisher-thread-0] INFO  (ThrottledPublisher.java:48) - publishAggregatedMarketData: MarketData(updateTime=2022-12-26T00:44:14.234507Z, symbol=A8, price=Price(bid=906.0, ask=1747.0, last=905.0)) publishCounts={A0=9, A1=21, A2=22, A3=22, A4=22, A5=16, A6=22, A7=22, A8=22, A9=12} currentSlidingWindowSize=96
2022-12-26 08:44:41,838 [throttled-publisher-thread-0] DEBUG (ThrottledPublisher.java:59) - No of symbols successfully published in this iteration=6
2022-12-26 08:44:43,236 [throttled-publisher-thread-0] INFO  (ThrottledPublisher.java:48) - publishAggregatedMarketData: MarketData(updateTime=2022-12-26T00:44:38.107379Z, symbol=A2, price=Price(bid=921.0, ask=1619.0, last=920.0)) publishCounts={A0=9, A1=21, A2=23, A3=22, A4=22, A5=16, A6=22, A7=22, A8=22, A9=12} currentSlidingWindowSize=91
2022-12-26 08:44:43,236 [throttled-publisher-thread-0] INFO  (ThrottledPublisher.java:48) - publishAggregatedMarketData: MarketData(updateTime=2022-12-26T00:44:38.459154Z, symbol=A3, price=Price(bid=536.0, ask=848.0, last=535.0)) publishCounts={A0=9, A1=21, A2=23, A3=23, A4=22, A5=16, A6=22, A7=22, A8=22, A9=12} currentSlidingWindowSize=92
2022-12-26 08:44:43,236 [throttled-publisher-thread-0] INFO  (ThrottledPublisher.java:48) - publishAggregatedMarketData: MarketData(updateTime=2022-12-26T00:44:38.459399Z, symbol=A4, price=Price(bid=855.0, ask=1486.0, last=854.0)) publishCounts={A0=9, A1=21, A2=23, A3=23, A4=23, A5=16, A6=22, A7=22, A8=22, A9=12} currentSlidingWindowSize=93
2022-12-26 08:44:43,236 [throttled-publisher-thread-0] INFO  (ThrottledPublisher.java:48) - publishAggregatedMarketData: MarketData(updateTime=2022-12-26T00:44:38.459542Z, symbol=A6, price=Price(bid=1041.0, ask=1858.0, last=1040.0)) publishCounts={A0=9, A1=21, A2=23, A3=23, A4=23, A5=16, A6=23, A7=22, A8=22, A9=12} currentSlidingWindowSize=94
2022-12-26 08:44:43,236 [throttled-publisher-thread-0] INFO  (ThrottledPublisher.java:48) - publishAggregatedMarketData: MarketData(updateTime=2022-12-26T00:44:38.459681Z, symbol=A7, price=Price(bid=1210.0, ask=2196.0, last=1209.0)) publishCounts={A0=9, A1=21, A2=23, A3=23, A4=23, A5=16, A6=23, A7=23, A8=22, A9=12} currentSlidingWindowSize=95
2022-12-26 08:44:43,237 [throttled-publisher-thread-0] INFO  (ThrottledPublisher.java:48) - publishAggregatedMarketData: MarketData(updateTime=2022-12-26T00:44:38.721169Z, symbol=A8, price=Price(bid=350.0, ask=475.0, last=349.0)) publishCounts={A0=9, A1=21, A2=23, A3=23, A4=23, A5=16, A6=23, A7=23, A8=23, A9=12} currentSlidingWindowSize=96
2022-12-26 08:44:43,237 [throttled-publisher-thread-0] DEBUG (ThrottledPublisher.java:59) - No of symbols successfully published in this iteration=6
2022-12-26 08:44:44,436 [throttled-publisher-thread-0] INFO  (ThrottledPublisher.java:48) - publishAggregatedMarketData: MarketData(updateTime=2022-12-26T00:44:37.841017Z, symbol=A2, price=Price(bid=957.0, ask=1693.0, last=956.0)) publishCounts={A0=9, A1=21, A2=24, A3=23, A4=23, A5=16, A6=23, A7=23, A8=23, A9=12} currentSlidingWindowSize=91
2022-12-26 08:44:44,436 [throttled-publisher-thread-0] INFO  (ThrottledPublisher.java:48) - publishAggregatedMarketData: MarketData(updateTime=2022-12-26T00:44:37.953445Z, symbol=A3, price=Price(bid=324.0, ask=426.0, last=323.0)) publishCounts={A0=9, A1=21, A2=24, A3=24, A4=23, A5=16, A6=23, A7=23, A8=23, A9=12} currentSlidingWindowSize=92
2022-12-26 08:44:44,436 [throttled-publisher-thread-0] INFO  (ThrottledPublisher.java:48) - publishAggregatedMarketData: MarketData(updateTime=2022-12-26T00:44:37.953635Z, symbol=A4, price=Price(bid=567.0, ask=912.0, last=566.0)) publishCounts={A0=9, A1=21, A2=24, A3=24, A4=24, A5=16, A6=23, A7=23, A8=23, A9=12} currentSlidingWindowSize=93
2022-12-26 08:44:44,436 [throttled-publisher-thread-0] INFO  (ThrottledPublisher.java:48) - publishAggregatedMarketData: MarketData(updateTime=2022-12-26T00:44:37.953843Z, symbol=A6, price=Price(bid=842.0, ask=1462.0, last=841.0)) publishCounts={A0=9, A1=21, A2=24, A3=24, A4=24, A5=16, A6=24, A7=23, A8=23, A9=12} currentSlidingWindowSize=94
2022-12-26 08:44:44,437 [throttled-publisher-thread-0] INFO  (ThrottledPublisher.java:48) - publishAggregatedMarketData: MarketData(updateTime=2022-12-26T00:44:37.954109Z, symbol=A7, price=Price(bid=1144.0, ask=2066.0, last=1143.0)) publishCounts={A0=9, A1=21, A2=24, A3=24, A4=24, A5=16, A6=24, A7=24, A8=23, A9=12} currentSlidingWindowSize=95
2022-12-26 08:44:44,437 [throttled-publisher-thread-0] INFO  (ThrottledPublisher.java:48) - publishAggregatedMarketData: MarketData(updateTime=2022-12-26T00:44:38.106732Z, symbol=A8, price=Price(bid=396.0, ask=569.0, last=395.0)) publishCounts={A0=9, A1=21, A2=24, A3=24, A4=24, A5=16, A6=24, A7=24, A8=24, A9=12} currentSlidingWindowSize=96
2022-12-26 08:44:44,437 [throttled-publisher-thread-0] DEBUG (ThrottledPublisher.java:59) - No of symbols successfully published in this iteration=6
2022-12-26 08:44:45,934 [throttled-publisher-thread-0] INFO  (ThrottledPublisher.java:48) - publishAggregatedMarketData: MarketData(updateTime=2022-12-26T00:44:28.060513Z, symbol=A2, price=Price(bid=663.0, ask=1143.0, last=662.0)) publishCounts={A0=9, A1=21, A2=25, A3=24, A4=24, A5=16, A6=24, A7=24, A8=24, A9=12} currentSlidingWindowSize=91
2022-12-26 08:44:45,935 [throttled-publisher-thread-0] INFO  (ThrottledPublisher.java:48) - publishAggregatedMarketData: MarketData(updateTime=2022-12-26T00:44:28.189644Z, symbol=A3, price=Price(bid=237.0, ask=290.0, last=236.0)) publishCounts={A0=9, A1=21, A2=25, A3=25, A4=24, A5=16, A6=24, A7=24, A8=24, A9=12} currentSlidingWindowSize=92
2022-12-26 08:44:45,935 [throttled-publisher-thread-0] INFO  (ThrottledPublisher.java:48) - publishAggregatedMarketData: MarketData(updateTime=2022-12-26T00:44:28.190412Z, symbol=A4, price=Price(bid=571.0, ask=958.0, last=570.0)) publishCounts={A0=9, A1=21, A2=25, A3=25, A4=25, A5=16, A6=24, A7=24, A8=24, A9=12} currentSlidingWindowSize=93
2022-12-26 08:44:45,935 [throttled-publisher-thread-0] INFO  (ThrottledPublisher.java:48) - publishAggregatedMarketData: MarketData(updateTime=2022-12-26T00:44:28.191177Z, symbol=A6, price=Price(bid=1000.0, ask=1816.0, last=999.0)) publishCounts={A0=9, A1=21, A2=25, A3=25, A4=25, A5=16, A6=25, A7=24, A8=24, A9=12} currentSlidingWindowSize=94
2022-12-26 08:44:45,935 [throttled-publisher-thread-0] INFO  (ThrottledPublisher.java:48) - publishAggregatedMarketData: MarketData(updateTime=2022-12-26T00:44:28.362024Z, symbol=A7, price=Price(bid=231.0, ask=277.0, last=230.0)) publishCounts={A0=9, A1=21, A2=25, A3=25, A4=25, A5=16, A6=25, A7=25, A8=24, A9=12} currentSlidingWindowSize=95
2022-12-26 08:44:45,935 [throttled-publisher-thread-0] INFO  (ThrottledPublisher.java:48) - publishAggregatedMarketData: MarketData(updateTime=2022-12-26T00:44:28.362412Z, symbol=A8, price=Price(bid=438.0, ask=691.0, last=437.0)) publishCounts={A0=9, A1=21, A2=25, A3=25, A4=25, A5=16, A6=25, A7=25, A8=25, A9=12} currentSlidingWindowSize=96
2022-12-26 08:44:45,935 [throttled-publisher-thread-0] DEBUG (ThrottledPublisher.java:59) - No of symbols successfully published in this iteration=6
2022-12-26 08:44:47,032 [throttled-publisher-thread-0] INFO  (ThrottledPublisher.java:48) - publishAggregatedMarketData: MarketData(updateTime=2022-12-26T00:44:25.251218Z, symbol=A2, price=Price(bid=200.0, ask=248.0, last=199.0)) publishCounts={A0=9, A1=21, A2=26, A3=25, A4=25, A5=16, A6=25, A7=25, A8=25, A9=12} currentSlidingWindowSize=91
2022-12-26 08:44:47,033 [throttled-publisher-thread-0] INFO  (ThrottledPublisher.java:48) - publishAggregatedMarketData: MarketData(updateTime=2022-12-26T00:44:25.251525Z, symbol=A3, price=Price(bid=592.0, ask=1032.0, last=591.0)) publishCounts={A0=9, A1=21, A2=26, A3=26, A4=25, A5=16, A6=25, A7=25, A8=25, A9=12} currentSlidingWindowSize=92
2022-12-26 08:44:47,033 [throttled-publisher-thread-0] INFO  (ThrottledPublisher.java:48) - publishAggregatedMarketData: MarketData(updateTime=2022-12-26T00:44:25.251525Z, symbol=A4, price=Price(bid=592.0, ask=1032.0, last=591.0)) publishCounts={A0=9, A1=21, A2=26, A3=26, A4=26, A5=16, A6=25, A7=25, A8=25, A9=12} currentSlidingWindowSize=93
2022-12-26 08:44:47,033 [throttled-publisher-thread-0] INFO  (ThrottledPublisher.java:48) - publishAggregatedMarketData: MarketData(updateTime=2022-12-26T00:44:25.251526Z, symbol=A6, price=Price(bid=592.0, ask=1032.0, last=591.0)) publishCounts={A0=9, A1=21, A2=26, A3=26, A4=26, A5=16, A6=26, A7=25, A8=25, A9=12} currentSlidingWindowSize=94
2022-12-26 08:44:47,033 [throttled-publisher-thread-0] INFO  (ThrottledPublisher.java:48) - publishAggregatedMarketData: MarketData(updateTime=2022-12-26T00:44:25.251526Z, symbol=A7, price=Price(bid=592.0, ask=1032.0, last=591.0)) publishCounts={A0=9, A1=21, A2=26, A3=26, A4=26, A5=16, A6=26, A7=26, A8=25, A9=12} currentSlidingWindowSize=95
2022-12-26 08:44:47,034 [throttled-publisher-thread-0] INFO  (ThrottledPublisher.java:48) - publishAggregatedMarketData: MarketData(updateTime=2022-12-26T00:44:25.251526Z, symbol=A8, price=Price(bid=592.0, ask=1032.0, last=591.0)) publishCounts={A0=9, A1=21, A2=26, A3=26, A4=26, A5=16, A6=26, A7=26, A8=26, A9=12} currentSlidingWindowSize=96
2022-12-26 08:44:47,034 [throttled-publisher-thread-0] DEBUG (ThrottledPublisher.java:59) - No of symbols successfully published in this iteration=6
2022-12-26 08:44:48,032 [throttled-publisher-thread-0] INFO  (ThrottledPublisher.java:48) - publishAggregatedMarketData: MarketData(updateTime=2022-12-26T00:44:11.951596Z, symbol=A2, price=Price(bid=578.0, ask=1150.0, last=577.0)) publishCounts={A0=9, A1=21, A2=27, A3=26, A4=26, A5=16, A6=26, A7=26, A8=26, A9=12} currentSlidingWindowSize=96
2022-12-26 08:44:48,032 [throttled-publisher-thread-0] DEBUG (ThrottledPublisher.java:59) - No of symbols successfully published in this iteration=1
2022-12-26 08:44:48,437 [throttled-publisher-thread-0] INFO  (ThrottledPublisher.java:48) - publishAggregatedMarketData: MarketData(updateTime=2022-12-26T00:44:12.465871Z, symbol=A3, price=Price(bid=206.0, ask=391.0, last=205.0)) publishCounts={A0=9, A1=21, A2=27, A3=27, A4=26, A5=16, A6=26, A7=26, A8=26, A9=12} currentSlidingWindowSize=91
2022-12-26 08:44:48,437 [throttled-publisher-thread-0] INFO  (ThrottledPublisher.java:48) - publishAggregatedMarketData: MarketData(updateTime=2022-12-26T00:44:12.467989Z, symbol=A4, price=Price(bid=625.0, ask=1229.0, last=624.0)) publishCounts={A0=9, A1=21, A2=27, A3=27, A4=27, A5=16, A6=26, A7=26, A8=26, A9=12} currentSlidingWindowSize=92
2022-12-26 08:44:48,437 [throttled-publisher-thread-0] INFO  (ThrottledPublisher.java:48) - publishAggregatedMarketData: MarketData(updateTime=2022-12-26T00:44:12.473767Z, symbol=A6, price=Price(bid=947.0, ask=1873.0, last=946.0)) publishCounts={A0=9, A1=21, A2=27, A3=27, A4=27, A5=16, A6=27, A7=26, A8=26, A9=12} currentSlidingWindowSize=93
2022-12-26 08:44:48,438 [throttled-publisher-thread-0] INFO  (ThrottledPublisher.java:48) - publishAggregatedMarketData: MarketData(updateTime=2022-12-26T00:44:12.527105Z, symbol=A7, price=Price(bid=214.0, ask=406.0, last=213.0)) publishCounts={A0=9, A1=21, A2=27, A3=27, A4=27, A5=16, A6=27, A7=27, A8=26, A9=12} currentSlidingWindowSize=94
2022-12-26 08:44:48,438 [throttled-publisher-thread-0] INFO  (ThrottledPublisher.java:48) - publishAggregatedMarketData: MarketData(updateTime=2022-12-26T00:44:12.527412Z, symbol=A8, price=Price(bid=470.0, ask=918.0, last=469.0)) publishCounts={A0=9, A1=21, A2=27, A3=27, A4=27, A5=16, A6=27, A7=27, A8=27, A9=12} currentSlidingWindowSize=95
2022-12-26 08:44:48,438 [throttled-publisher-thread-0] DEBUG (ThrottledPublisher.java:59) - No of symbols successfully published in this iteration=5
2022-12-26 08:44:49,034 [throttled-publisher-thread-0] INFO  (ThrottledPublisher.java:48) - publishAggregatedMarketData: MarketData(updateTime=2022-12-26T00:44:22.655276Z, symbol=A2, price=Price(bid=169.0, ask=216.0, last=168.0)) publishCounts={A0=9, A1=21, A2=28, A3=27, A4=27, A5=16, A6=27, A7=27, A8=27, A9=12} currentSlidingWindowSize=91
2022-12-26 08:44:49,035 [throttled-publisher-thread-0] DEBUG (ThrottledPublisher.java:59) - No of symbols successfully published in this iteration=1
2022-12-26 08:44:49,437 [throttled-publisher-thread-0] INFO  (ThrottledPublisher.java:48) - publishAggregatedMarketData: MarketData(updateTime=2022-12-26T00:44:26.719565Z, symbol=A3, price=Price(bid=917.0, ask=1665.0, last=916.0)) publishCounts={A0=9, A1=21, A2=28, A3=28, A4=27, A5=16, A6=27, A7=27, A8=27, A9=12} currentSlidingWindowSize=100
2022-12-26 08:44:49,437 [throttled-publisher-thread-0] INFO  (ThrottledPublisher.java:48) - publishAggregatedMarketData: MarketData(updateTime=2022-12-26T00:44:26.719782Z, symbol=A4, price=Price(bid=1091.0, ask=2013.0, last=1090.0)) publishCounts={A0=9, A1=21, A2=28, A3=28, A4=28, A5=16, A6=27, A7=27, A8=27, A9=12} currentSlidingWindowSize=98
2022-12-26 08:44:49,437 [throttled-publisher-thread-0] INFO  (ThrottledPublisher.java:48) - publishAggregatedMarketData: MarketData(updateTime=2022-12-26T00:44:26.801465Z, symbol=A6, price=Price(bid=291.0, ask=412.0, last=290.0)) publishCounts={A0=9, A1=21, A2=28, A3=28, A4=28, A5=16, A6=28, A7=27, A8=27, A9=12} currentSlidingWindowSize=99
2022-12-26 08:44:49,438 [throttled-publisher-thread-0] INFO  (ThrottledPublisher.java:48) - publishAggregatedMarketData: MarketData(updateTime=2022-12-26T00:44:26.801701Z, symbol=A7, price=Price(bid=494.0, ask=818.0, last=493.0)) publishCounts={A0=9, A1=21, A2=28, A3=28, A4=28, A5=16, A6=28, A7=28, A8=27, A9=12} currentSlidingWindowSize=100
2022-12-26 08:44:49,438 [throttled-publisher-thread-0] INFO  (ThrottledPublisher.java:48) - publishAggregatedMarketData: MarketData(updateTime=2022-12-26T00:44:26.801882Z, symbol=A8, price=Price(bid=658.0, ask=1146.0, last=657.0)) publishCounts={A0=9, A1=21, A2=28, A3=28, A4=28, A5=16, A6=28, A7=28, A8=28, A9=12} currentSlidingWindowSize=95
2022-12-26 08:44:49,438 [throttled-publisher-thread-0] DEBUG (ThrottledPublisher.java:59) - No of symbols successfully published in this iteration=5
2022-12-26 08:44:50,135 [throttled-publisher-thread-0] INFO  (ThrottledPublisher.java:48) - publishAggregatedMarketData: MarketData(updateTime=2022-12-26T00:44:29.671259Z, symbol=A2, price=Price(bid=557.0, ask=919.0, last=556.0)) publishCounts={A0=9, A1=21, A2=29, A3=28, A4=28, A5=16, A6=28, A7=28, A8=28, A9=12} currentSlidingWindowSize=91
2022-12-26 08:44:50,135 [throttled-publisher-thread-0] DEBUG (ThrottledPublisher.java:59) - No of symbols successfully published in this iteration=1
2022-12-26 08:44:50,534 [throttled-publisher-thread-0] INFO  (ThrottledPublisher.java:48) - publishAggregatedMarketData: MarketData(updateTime=2022-12-26T00:44:48.689114Z, symbol=A3, price=Price(bid=312.0, ask=350.0, last=311.0)) publishCounts={A0=9, A1=21, A2=29, A3=29, A4=28, A5=16, A6=28, A7=28, A8=28, A9=12} currentSlidingWindowSize=91
2022-12-26 08:44:50,535 [throttled-publisher-thread-0] INFO  (ThrottledPublisher.java:48) - publishAggregatedMarketData: MarketData(updateTime=2022-12-26T00:44:48.689114Z, symbol=A4, price=Price(bid=312.0, ask=350.0, last=311.0)) publishCounts={A0=9, A1=21, A2=29, A3=29, A4=29, A5=16, A6=28, A7=28, A8=28, A9=12} currentSlidingWindowSize=92
2022-12-26 08:44:50,535 [throttled-publisher-thread-0] INFO  (ThrottledPublisher.java:48) - publishAggregatedMarketData: MarketData(updateTime=2022-12-26T00:44:48.689114Z, symbol=A6, price=Price(bid=312.0, ask=350.0, last=311.0)) publishCounts={A0=9, A1=21, A2=29, A3=29, A4=29, A5=16, A6=29, A7=28, A8=28, A9=12} currentSlidingWindowSize=93
2022-12-26 08:44:50,536 [throttled-publisher-thread-0] INFO  (ThrottledPublisher.java:48) - publishAggregatedMarketData: MarketData(updateTime=2022-12-26T00:44:48.689114Z, symbol=A8, price=Price(bid=312.0, ask=350.0, last=311.0)) publishCounts={A0=9, A1=21, A2=29, A3=29, A4=29, A5=16, A6=29, A7=28, A8=29, A9=12} currentSlidingWindowSize=94
2022-12-26 08:44:50,536 [throttled-publisher-thread-0] DEBUG (ThrottledPublisher.java:59) - No of symbols successfully published in this iteration=4
2022-12-26 08:44:51,237 [throttled-publisher-thread-0] INFO  (ThrottledPublisher.java:48) - publishAggregatedMarketData: MarketData(updateTime=2022-12-26T00:44:15.948425Z, symbol=A2, price=Price(bid=937.0, ask=1777.0, last=936.0)) publishCounts={A0=9, A1=21, A2=30, A3=29, A4=29, A5=16, A6=29, A7=28, A8=29, A9=12} currentSlidingWindowSize=91
2022-12-26 08:44:51,237 [throttled-publisher-thread-0] DEBUG (ThrottledPublisher.java:59) - No of symbols successfully published in this iteration=1
2022-12-26 08:44:51,632 [throttled-publisher-thread-0] INFO  (ThrottledPublisher.java:48) - publishAggregatedMarketData: MarketData(updateTime=2022-12-26T00:44:45.536626Z, symbol=A3, price=Price(bid=706.0, ask=1147.0, last=705.0)) publishCounts={A0=9, A1=21, A2=30, A3=30, A4=29, A5=16, A6=29, A7=28, A8=29, A9=12} currentSlidingWindowSize=91
2022-12-26 08:44:51,633 [throttled-publisher-thread-0] INFO  (ThrottledPublisher.java:48) - publishAggregatedMarketData: MarketData(updateTime=2022-12-26T00:44:45.536625Z, symbol=A4, price=Price(bid=705.0, ask=1145.0, last=704.0)) publishCounts={A0=9, A1=21, A2=30, A3=30, A4=30, A5=16, A6=29, A7=28, A8=29, A9=12} currentSlidingWindowSize=92
2022-12-26 08:44:51,633 [throttled-publisher-thread-0] INFO  (ThrottledPublisher.java:48) - publishAggregatedMarketData: MarketData(updateTime=2022-12-26T00:44:45.536625Z, symbol=A6, price=Price(bid=705.0, ask=1145.0, last=704.0)) publishCounts={A0=9, A1=21, A2=30, A3=30, A4=30, A5=16, A6=30, A7=28, A8=29, A9=12} currentSlidingWindowSize=93
2022-12-26 08:44:51,633 [throttled-publisher-thread-0] INFO  (ThrottledPublisher.java:48) - publishAggregatedMarketData: MarketData(updateTime=2022-12-26T00:44:45.536626Z, symbol=A8, price=Price(bid=705.0, ask=1145.0, last=704.0)) publishCounts={A0=9, A1=21, A2=30, A3=30, A4=30, A5=16, A6=30, A7=28, A8=30, A9=12} currentSlidingWindowSize=94
2022-12-26 08:44:51,633 [throttled-publisher-thread-0] DEBUG (ThrottledPublisher.java:59) - No of symbols successfully published in this iteration=4
2022-12-26 08:44:52,532 [throttled-publisher-thread-0] INFO  (ThrottledPublisher.java:48) - publishAggregatedMarketData: MarketData(updateTime=2022-12-26T00:44:39.889591Z, symbol=A2, price=Price(bid=794.0, ask=1357.0, last=793.0)) publishCounts={A0=9, A1=21, A2=31, A3=30, A4=30, A5=16, A6=30, A7=28, A8=30, A9=12} currentSlidingWindowSize=91
2022-12-26 08:44:52,533 [throttled-publisher-thread-0] DEBUG (ThrottledPublisher.java:59) - No of symbols successfully published in this iteration=1
2022-12-26 08:44:52,633 [throttled-publisher-thread-0] INFO  (ThrottledPublisher.java:48) - publishAggregatedMarketData: MarketData(updateTime=2022-12-26T00:44:15.707077Z, symbol=A4, price=Price(bid=625.0, ask=1156.0, last=624.0)) publishCounts={A0=9, A1=21, A2=31, A3=30, A4=31, A5=16, A6=30, A7=28, A8=30, A9=12} currentSlidingWindowSize=91
2022-12-26 08:44:52,633 [throttled-publisher-thread-0] INFO  (ThrottledPublisher.java:48) - publishAggregatedMarketData: MarketData(updateTime=2022-12-26T00:44:15.804002Z, symbol=A6, price=Price(bid=107.0, ask=119.0, last=106.0)) publishCounts={A0=9, A1=21, A2=31, A3=30, A4=31, A5=16, A6=31, A7=28, A8=30, A9=12} currentSlidingWindowSize=92
2022-12-26 08:44:52,634 [throttled-publisher-thread-0] INFO  (ThrottledPublisher.java:48) - publishAggregatedMarketData: MarketData(updateTime=2022-12-26T00:44:15.804308Z, symbol=A8, price=Price(bid=500.0, ask=905.0, last=499.0)) publishCounts={A0=9, A1=21, A2=31, A3=30, A4=31, A5=16, A6=31, A7=28, A8=31, A9=12} currentSlidingWindowSize=93
2022-12-26 08:44:52,634 [throttled-publisher-thread-0] INFO  (ThrottledPublisher.java:48) - publishAggregatedMarketData: MarketData(updateTime=2022-12-26T00:44:15.804578Z, symbol=A3, price=Price(bid=822.0, ask=1549.0, last=821.0)) publishCounts={A0=9, A1=21, A2=31, A3=31, A4=31, A5=16, A6=31, A7=28, A8=31, A9=12} currentSlidingWindowSize=94
2022-12-26 08:44:52,634 [throttled-publisher-thread-0] DEBUG (ThrottledPublisher.java:59) - No of symbols successfully published in this iteration=4
2022-12-26 08:44:53,533 [throttled-publisher-thread-0] INFO  (ThrottledPublisher.java:48) - publishAggregatedMarketData: MarketData(updateTime=2022-12-26T00:44:41.062746Z, symbol=A2, price=Price(bid=494.0, ask=748.0, last=493.0)) publishCounts={A0=9, A1=21, A2=32, A3=31, A4=31, A5=16, A6=31, A7=28, A8=31, A9=12} currentSlidingWindowSize=100
2022-12-26 08:44:53,533 [throttled-publisher-thread-0] DEBUG (ThrottledPublisher.java:59) - No of symbols successfully published in this iteration=1
2022-12-26 08:44:53,733 [throttled-publisher-thread-0] INFO  (ThrottledPublisher.java:48) - publishAggregatedMarketData: MarketData(updateTime=2022-12-26T00:44:16.089278Z, symbol=A4, price=Price(bid=589.0, ask=1078.0, last=588.0)) publishCounts={A0=9, A1=21, A2=32, A3=31, A4=32, A5=16, A6=31, A7=28, A8=31, A9=12} currentSlidingWindowSize=91
2022-12-26 08:44:53,734 [throttled-publisher-thread-0] INFO  (ThrottledPublisher.java:48) - publishAggregatedMarketData: MarketData(updateTime=2022-12-26T00:44:16.125572Z, symbol=A6, price=Price(bid=996.0, ask=1892.0, last=995.0)) publishCounts={A0=9, A1=21, A2=32, A3=31, A4=32, A5=16, A6=32, A7=28, A8=31, A9=12} currentSlidingWindowSize=92
2022-12-26 08:44:53,734 [throttled-publisher-thread-0] INFO  (ThrottledPublisher.java:48) - publishAggregatedMarketData: MarketData(updateTime=2022-12-26T00:44:21.210225Z, symbol=A8, price=Price(bid=166.0, ask=231.0, last=165.0)) publishCounts={A0=9, A1=21, A2=32, A3=31, A4=32, A5=16, A6=32, A7=28, A8=32, A9=12} currentSlidingWindowSize=93
2022-12-26 08:44:53,734 [throttled-publisher-thread-0] INFO  (ThrottledPublisher.java:48) - publishAggregatedMarketData: MarketData(updateTime=2022-12-26T00:44:21.210453Z, symbol=A3, price=Price(bid=288.0, ask=475.0, last=287.0)) publishCounts={A0=9, A1=21, A2=32, A3=32, A4=32, A5=16, A6=32, A7=28, A8=32, A9=12} currentSlidingWindowSize=94
2022-12-26 08:44:53,734 [throttled-publisher-thread-0] DEBUG (ThrottledPublisher.java:59) - No of symbols successfully published in this iteration=4
2022-12-26 08:44:54,532 [throttled-publisher-thread-0] INFO  (ThrottledPublisher.java:48) - publishAggregatedMarketData: MarketData(updateTime=2022-12-26T00:44:23.226607Z, symbol=A2, price=Price(bid=1019.0, ask=1909.0, last=1018.0)) publishCounts={A0=9, A1=21, A2=33, A3=32, A4=32, A5=16, A6=32, A7=28, A8=32, A9=12} currentSlidingWindowSize=100
2022-12-26 08:44:54,533 [throttled-publisher-thread-0] DEBUG (ThrottledPublisher.java:59) - No of symbols successfully published in this iteration=1
2022-12-26 08:44:54,734 [throttled-publisher-thread-0] INFO  (ThrottledPublisher.java:48) - publishAggregatedMarketData: MarketData(updateTime=2022-12-26T00:44:12.427582Z, symbol=A4, price=Price(bid=500.0, ask=980.0, last=499.0)) publishCounts={A0=9, A1=21, A2=33, A3=32, A4=33, A5=16, A6=32, A7=28, A8=32, A9=12} currentSlidingWindowSize=91
2022-12-26 08:44:54,734 [throttled-publisher-thread-0] INFO  (ThrottledPublisher.java:48) - publishAggregatedMarketData: MarketData(updateTime=2022-12-26T00:44:12.428624Z, symbol=A6, price=Price(bid=902.0, ask=1784.0, last=901.0)) publishCounts={A0=9, A1=21, A2=33, A3=32, A4=33, A5=16, A6=33, A7=28, A8=32, A9=12} currentSlidingWindowSize=92
2022-12-26 08:44:54,735 [throttled-publisher-thread-0] INFO  (ThrottledPublisher.java:48) - publishAggregatedMarketData: MarketData(updateTime=2022-12-26T00:44:12.428686Z, symbol=A8, price=Price(bid=949.0, ask=1878.0, last=948.0)) publishCounts={A0=9, A1=21, A2=33, A3=32, A4=33, A5=16, A6=33, A7=28, A8=33, A9=12} currentSlidingWindowSize=93
2022-12-26 08:44:54,735 [throttled-publisher-thread-0] INFO  (ThrottledPublisher.java:48) - publishAggregatedMarketData: MarketData(updateTime=2022-12-26T00:44:12.428686Z, symbol=A3, price=Price(bid=950.0, ask=1880.0, last=949.0)) publishCounts={A0=9, A1=21, A2=33, A3=33, A4=33, A5=16, A6=33, A7=28, A8=33, A9=12} currentSlidingWindowSize=94
2022-12-26 08:44:54,735 [throttled-publisher-thread-0] DEBUG (ThrottledPublisher.java:59) - No of symbols successfully published in this iteration=4
2022-12-26 08:44:55,536 [throttled-publisher-thread-0] INFO  (ThrottledPublisher.java:48) - publishAggregatedMarketData: MarketData(updateTime=2022-12-26T00:44:30.054137Z, symbol=A2, price=Price(bid=561.0, ask=923.0, last=560.0)) publishCounts={A0=9, A1=21, A2=34, A3=33, A4=33, A5=16, A6=33, A7=28, A8=33, A9=12} currentSlidingWindowSize=91
2022-12-26 08:44:55,536 [throttled-publisher-thread-0] DEBUG (ThrottledPublisher.java:59) - No of symbols successfully published in this iteration=1
2022-12-26 08:44:56,132 [throttled-publisher-thread-0] INFO  (ThrottledPublisher.java:48) - publishAggregatedMarketData: MarketData(updateTime=2022-12-26T00:44:11.874958Z, symbol=A4, price=Price(bid=962.0, ask=1922.0, last=961.0)) publishCounts={A0=9, A1=21, A2=34, A3=33, A4=34, A5=16, A6=33, A7=28, A8=33, A9=12} currentSlidingWindowSize=91
2022-12-26 08:44:56,133 [throttled-publisher-thread-0] INFO  (ThrottledPublisher.java:48) - publishAggregatedMarketData: MarketData(updateTime=2022-12-26T00:44:11.889348Z, symbol=A8, price=Price(bid=248.0, ask=493.0, last=247.0)) publishCounts={A0=9, A1=21, A2=34, A3=33, A4=34, A5=16, A6=33, A7=28, A8=34, A9=12} currentSlidingWindowSize=92
2022-12-26 08:44:56,133 [throttled-publisher-thread-0] INFO  (ThrottledPublisher.java:48) - publishAggregatedMarketData: MarketData(updateTime=2022-12-26T00:44:11.892074Z, symbol=A3, price=Price(bid=495.0, ask=987.0, last=494.0)) publishCounts={A0=9, A1=21, A2=34, A3=34, A4=34, A5=16, A6=33, A7=28, A8=34, A9=12} currentSlidingWindowSize=93
2022-12-26 08:44:56,133 [throttled-publisher-thread-0] INFO  (ThrottledPublisher.java:48) - publishAggregatedMarketData: MarketData(updateTime=2022-12-26T00:44:11.893381Z, symbol=A6, price=Price(bid=671.0, ask=1339.0, last=670.0)) publishCounts={A0=9, A1=21, A2=34, A3=34, A4=34, A5=16, A6=34, A7=28, A8=34, A9=12} currentSlidingWindowSize=94
2022-12-26 08:44:56,133 [throttled-publisher-thread-0] DEBUG (ThrottledPublisher.java:59) - No of symbols successfully published in this iteration=4
